TpTrace Verbose: 0 : 21456, 1, 2021/09/21, 23:31:05.021, 1346956314963, vstest.console.dll, Version: 16.10.0-release-20210520-03
TpTrace Information: 0 : 21456, 1, 2021/09/21, 23:31:05.028, 1346956379136, vstest.console.dll, FilePatternParser: The given file D:\IsmaPCBlanco\Documentos\ISMA\Semestre 2021-2\Diseño dirigido por pruebas\Proyectos\BancoSolution\Banco.Domain.Test\bin\Debug\net5.0\fine-code-coverage\build-output\Banco.Domain.Test.dll is a full path.
TpTrace Verbose: 0 : 21456, 1, 2021/09/21, 23:31:05.033, 1346956427547, vstest.console.dll, TestPluginCache.DiscoverTestExtensions: finding test extensions in assemblies ends with: RuntimeProvider.dll TPluginInfo: Microsoft.VisualStudio.TestPlatform.Common.ExtensionFramework.Utilities.TestRuntimePluginInformation TExtension: Microsoft.VisualStudio.TestPlatform.ObjectModel.Host.ITestRuntimeProvider
TpTrace Verbose: 0 : 21456, 1, 2021/09/21, 23:31:05.034, 1346956436295, vstest.console.dll, TestPluginCache.GetExtensionPaths: Filtered extension paths: 
TpTrace Verbose: 0 : 21456, 1, 2021/09/21, 23:31:05.034, 1346956437034, vstest.console.dll, TestPluginCache.GetExtensionPaths: Added default extension paths: C:\Program Files\dotnet\sdk\5.0.301\Extensions\Microsoft.Diagnostics.NETCore.Client.dll
C:\Program Files\dotnet\sdk\5.0.301\Extensions\Microsoft.TestPlatform.Extensions.BlameDataCollector.dll
C:\Program Files\dotnet\sdk\5.0.301\Extensions\Microsoft.TestPlatform.Extensions.EventLogCollector.dll
C:\Program Files\dotnet\sdk\5.0.301\Extensions\Microsoft.TestPlatform.TestHostRuntimeProvider.dll
C:\Program Files\dotnet\sdk\5.0.301\Extensions\Microsoft.VisualStudio.TestPlatform.Extensions.Html.TestLogger.dll
C:\Program Files\dotnet\sdk\5.0.301\Extensions\Microsoft.VisualStudio.TestPlatform.Extensions.Trx.TestLogger.dll
TpTrace Verbose: 0 : 21456, 1, 2021/09/21, 23:31:05.034, 1346956437245, vstest.console.dll, TestPluginCache.GetExtensionPaths: Added unfilterableExtensionPaths: 
TpTrace Information: 0 : 21456, 1, 2021/09/21, 23:31:05.035, 1346956442422, vstest.console.dll, AssemblyResolver.ctor: Creating AssemblyResolver with searchDirectories C:\Program Files\dotnet\sdk\5.0.301\Extensions,C:\Program Files\dotnet\sdk\5.0.301
TpTrace Verbose: 0 : 21456, 1, 2021/09/21, 23:31:05.035, 1346956448719, vstest.console.dll, TestPluginCache.DiscoverTestExtensions: Discovering the extensions using extension path.
TpTrace Verbose: 0 : 21456, 1, 2021/09/21, 23:31:05.035, 1346956449565, vstest.console.dll, TestPluginCache.GetExtensionPaths: Filtered extension paths: 
TpTrace Verbose: 0 : 21456, 1, 2021/09/21, 23:31:05.035, 1346956449826, vstest.console.dll, TestPluginCache.GetExtensionPaths: Added default extension paths: C:\Program Files\dotnet\sdk\5.0.301\Extensions\Microsoft.Diagnostics.NETCore.Client.dll
C:\Program Files\dotnet\sdk\5.0.301\Extensions\Microsoft.TestPlatform.Extensions.BlameDataCollector.dll
C:\Program Files\dotnet\sdk\5.0.301\Extensions\Microsoft.TestPlatform.Extensions.EventLogCollector.dll
C:\Program Files\dotnet\sdk\5.0.301\Extensions\Microsoft.TestPlatform.TestHostRuntimeProvider.dll
C:\Program Files\dotnet\sdk\5.0.301\Extensions\Microsoft.VisualStudio.TestPlatform.Extensions.Html.TestLogger.dll
C:\Program Files\dotnet\sdk\5.0.301\Extensions\Microsoft.VisualStudio.TestPlatform.Extensions.Trx.TestLogger.dll
TpTrace Verbose: 0 : 21456, 1, 2021/09/21, 23:31:05.035, 1346956450000, vstest.console.dll, TestPluginCache.GetExtensionPaths: Added unfilterableExtensionPaths: 
TpTrace Verbose: 0 : 21456, 1, 2021/09/21, 23:31:05.035, 1346956450382, vstest.console.dll, TestPluginCache.DiscoverTestExtensions: Discovering the extensions using allExtensionPaths: C:\Program Files\dotnet\sdk\5.0.301\Extensions\Microsoft.Diagnostics.NETCore.Client.dll
C:\Program Files\dotnet\sdk\5.0.301\Extensions\Microsoft.TestPlatform.Extensions.BlameDataCollector.dll
C:\Program Files\dotnet\sdk\5.0.301\Extensions\Microsoft.TestPlatform.Extensions.EventLogCollector.dll
C:\Program Files\dotnet\sdk\5.0.301\Extensions\Microsoft.TestPlatform.TestHostRuntimeProvider.dll
C:\Program Files\dotnet\sdk\5.0.301\Extensions\Microsoft.VisualStudio.TestPlatform.Extensions.Html.TestLogger.dll
C:\Program Files\dotnet\sdk\5.0.301\Extensions\Microsoft.VisualStudio.TestPlatform.Extensions.Trx.TestLogger.dll
TpTrace Information: 0 : 21456, 1, 2021/09/21, 23:31:05.035, 1346956451355, vstest.console.dll, AssemblyResolver.AddSearchDirectories: Adding more searchDirectories C:\Program Files\dotnet\sdk\5.0.301\Extensions,C:\Program Files\dotnet\sdk\5.0.301
TpTrace Information: 0 : 21456, 1, 2021/09/21, 23:31:05.035, 1346956451786, vstest.console.dll, AssemblyResolver.AddSearchDirectories: Adding more searchDirectories C:\Program Files\dotnet\sdk\5.0.301\Extensions,C:\Program Files\dotnet\sdk\5.0.301
TpTrace Information: 0 : 21456, 1, 2021/09/21, 23:31:05.036, 1346956451998, vstest.console.dll, AssemblyResolver.AddSearchDirectories: Adding more searchDirectories C:\Program Files\dotnet\sdk\5.0.301\Extensions,C:\Program Files\dotnet\sdk\5.0.301
TpTrace Information: 0 : 21456, 1, 2021/09/21, 23:31:05.036, 1346956452160, vstest.console.dll, AssemblyResolver.AddSearchDirectories: Adding more searchDirectories C:\Program Files\dotnet\sdk\5.0.301\Extensions,C:\Program Files\dotnet\sdk\5.0.301
TpTrace Information: 0 : 21456, 1, 2021/09/21, 23:31:05.036, 1346956452348, vstest.console.dll, AssemblyResolver.AddSearchDirectories: Adding more searchDirectories C:\Program Files\dotnet\sdk\5.0.301\Extensions,C:\Program Files\dotnet\sdk\5.0.301
TpTrace Information: 0 : 21456, 1, 2021/09/21, 23:31:05.036, 1346956452507, vstest.console.dll, AssemblyResolver.AddSearchDirectories: Adding more searchDirectories C:\Program Files\dotnet\sdk\5.0.301\Extensions,C:\Program Files\dotnet\sdk\5.0.301
TpTrace Information: 0 : 21456, 1, 2021/09/21, 23:31:05.036, 1346956454975, vstest.console.dll, AssemblyResolver.OnResolve: Microsoft.Diagnostics.NETCore.Client: Resolving assembly.
TpTrace Information: 0 : 21456, 1, 2021/09/21, 23:31:05.036, 1346956455402, vstest.console.dll, AssemblyResolver.OnResolve: Microsoft.Diagnostics.NETCore.Client: Searching in: 'C:\Program Files\dotnet\sdk\5.0.301\Extensions'.
TpTrace Information: 0 : 21456, 1, 2021/09/21, 23:31:05.036, 1346956460060, vstest.console.dll, AssemblyResolver.OnResolve: Microsoft.Diagnostics.NETCore.Client: Loading assembly 'C:\Program Files\dotnet\sdk\5.0.301\Extensions\Microsoft.Diagnostics.NETCore.Client.dll'.
TpTrace Information: 0 : 21456, 1, 2021/09/21, 23:31:05.037, 1346956464320, vstest.console.dll, AssemblyResolver.OnResolve: Resolved assembly: Microsoft.Diagnostics.NETCore.Client, from path: C:\Program Files\dotnet\sdk\5.0.301\Extensions\Microsoft.Diagnostics.NETCore.Client.dll
TpTrace Information: 0 : 21456, 1, 2021/09/21, 23:31:05.039, 1346956482067, vstest.console.dll, AssemblyResolver.OnResolve: Microsoft.Bcl.AsyncInterfaces: Resolving assembly.
TpTrace Information: 0 : 21456, 1, 2021/09/21, 23:31:05.039, 1346956482706, vstest.console.dll, AssemblyResolver.OnResolve: Microsoft.Bcl.AsyncInterfaces: Searching in: 'C:\Program Files\dotnet\sdk\5.0.301\Extensions'.
TpTrace Information: 0 : 21456, 1, 2021/09/21, 23:31:05.039, 1346956483317, vstest.console.dll, AssemblyResolver.OnResolve: Microsoft.Bcl.AsyncInterfaces: Assembly path does not exist: 'C:\Program Files\dotnet\sdk\5.0.301\Extensions\Microsoft.Bcl.AsyncInterfaces.dll', returning.
TpTrace Information: 0 : 21456, 1, 2021/09/21, 23:31:05.039, 1346956483705, vstest.console.dll, AssemblyResolver.OnResolve: Microsoft.Bcl.AsyncInterfaces: Assembly path does not exist: 'C:\Program Files\dotnet\sdk\5.0.301\Extensions\Microsoft.Bcl.AsyncInterfaces.exe', returning.
TpTrace Information: 0 : 21456, 1, 2021/09/21, 23:31:05.039, 1346956483898, vstest.console.dll, AssemblyResolver.OnResolve: Microsoft.Bcl.AsyncInterfaces: Searching in: 'C:\Program Files\dotnet\sdk\5.0.301'.
TpTrace Information: 0 : 21456, 1, 2021/09/21, 23:31:05.039, 1346956484288, vstest.console.dll, AssemblyResolver.OnResolve: Microsoft.Bcl.AsyncInterfaces: Assembly path does not exist: 'C:\Program Files\dotnet\sdk\5.0.301\Microsoft.Bcl.AsyncInterfaces.dll', returning.
TpTrace Information: 0 : 21456, 1, 2021/09/21, 23:31:05.039, 1346956484998, vstest.console.dll, AssemblyResolver.OnResolve: Microsoft.Bcl.AsyncInterfaces: Assembly path does not exist: 'C:\Program Files\dotnet\sdk\5.0.301\Microsoft.Bcl.AsyncInterfaces.exe', returning.
TpTrace Information: 0 : 21456, 1, 2021/09/21, 23:31:05.039, 1346956485232, vstest.console.dll, AssemblyResolver.OnResolve: Microsoft.Bcl.AsyncInterfaces: Failed to load assembly.
TpTrace Verbose: 0 : 21456, 1, 2021/09/21, 23:31:05.039, 1346956485475, vstest.console.dll, CurrentDomainAssemblyResolve: Resolving assembly 'Microsoft.Bcl.AsyncInterfaces'.
TpTrace Information: 0 : 21456, 1, 2021/09/21, 23:31:05.039, 1346956485885, vstest.console.dll, AssemblyResolver.OnResolve: Microsoft.Bcl.AsyncInterfaces: Resolving assembly.
TpTrace Information: 0 : 21456, 1, 2021/09/21, 23:31:05.039, 1346956486106, vstest.console.dll, AssemblyResolver.OnResolve: Microsoft.Bcl.AsyncInterfaces: Resolved from cache.
TpTrace Verbose: 0 : 21456, 1, 2021/09/21, 23:31:05.039, 1346956486270, vstest.console.dll, CurrentDomainAssemblyResolve: Resolving assembly 'Microsoft.Bcl.AsyncInterfaces'.
TpTrace Verbose: 0 : 21456, 1, 2021/09/21, 23:31:05.039, 1346956486484, vstest.console.dll, CurrentDomainAssemblyResolve: Failed to resolve assembly 'Microsoft.Bcl.AsyncInterfaces'.
TpTrace Verbose: 0 : 21456, 1, 2021/09/21, 23:31:05.039, 1346956491027, vstest.console.dll, CurrentDomainAssemblyResolve: Failed to resolve assembly 'Microsoft.Bcl.AsyncInterfaces'.
TpTrace Warning: 0 : 21456, 1, 2021/09/21, 23:31:05.049, 1346956588556, vstest.console.dll, TestPluginDiscoverer: Failed to get types from assembly 'Microsoft.Diagnostics.NETCore.Client, Version=0.2.2.41902, Culture=neutral, PublicKeyToken=31bf3856ad364e35'.  Skipping test extension scan for this assembly.  Error: System.Reflection.ReflectionTypeLoadException: Unable to load one or more of the requested types.
Could not load file or assembly 'Microsoft.Bcl.AsyncInterfaces, Version=1.0.0.0, Culture=neutral, PublicKeyToken=cc7b13ffcd2ddd51'. El sistema no puede encontrar el archivo especificado.
   at System.Reflection.RuntimeModule.GetTypes(RuntimeModule module)
   at System.Reflection.RuntimeModule.GetTypes()
   at System.Reflection.Assembly.GetTypes()
   at Microsoft.VisualStudio.TestPlatform.Common.ExtensionFramework.TestPluginDiscoverer.GetTestExtensionsFromAssembly[TPluginInfo,TExtension](Assembly assembly, Dictionary`2 pluginInfos)
System.IO.FileNotFoundException: Could not load file or assembly 'Microsoft.Bcl.AsyncInterfaces, Version=1.0.0.0, Culture=neutral, PublicKeyToken=cc7b13ffcd2ddd51'. El sistema no puede encontrar el archivo especificado.
File name: 'Microsoft.Bcl.AsyncInterfaces, Version=1.0.0.0, Culture=neutral, PublicKeyToken=cc7b13ffcd2ddd51'
TpTrace Warning: 0 : 21456, 1, 2021/09/21, 23:31:05.049, 1346956589770, vstest.console.dll, LoaderExceptions: System.IO.FileNotFoundException: Could not load file or assembly 'Microsoft.Bcl.AsyncInterfaces, Version=1.0.0.0, Culture=neutral, PublicKeyToken=cc7b13ffcd2ddd51'. El sistema no puede encontrar el archivo especificado.
File name: 'Microsoft.Bcl.AsyncInterfaces, Version=1.0.0.0, Culture=neutral, PublicKeyToken=cc7b13ffcd2ddd51'
TpTrace Information: 0 : 21456, 1, 2021/09/21, 23:31:05.049, 1346956590544, vstest.console.dll, AssemblyResolver.OnResolve: Microsoft.TestPlatform.Extensions.BlameDataCollector: Resolving assembly.
TpTrace Information: 0 : 21456, 1, 2021/09/21, 23:31:05.049, 1346956590763, vstest.console.dll, AssemblyResolver.OnResolve: Microsoft.TestPlatform.Extensions.BlameDataCollector: Searching in: 'C:\Program Files\dotnet\sdk\5.0.301\Extensions'.
TpTrace Information: 0 : 21456, 1, 2021/09/21, 23:31:05.050, 1346956595175, vstest.console.dll, AssemblyResolver.OnResolve: Microsoft.TestPlatform.Extensions.BlameDataCollector: Loading assembly 'C:\Program Files\dotnet\sdk\5.0.301\Extensions\Microsoft.TestPlatform.Extensions.BlameDataCollector.dll'.
TpTrace Information: 0 : 21456, 1, 2021/09/21, 23:31:05.050, 1346956599595, vstest.console.dll, AssemblyResolver.OnResolve: Resolved assembly: Microsoft.TestPlatform.Extensions.BlameDataCollector, from path: C:\Program Files\dotnet\sdk\5.0.301\Extensions\Microsoft.TestPlatform.Extensions.BlameDataCollector.dll
TpTrace Information: 0 : 21456, 1, 2021/09/21, 23:31:05.051, 1346956604333, vstest.console.dll, AssemblyResolver.OnResolve: Microsoft.TestPlatform.Extensions.EventLogCollector: Resolving assembly.
TpTrace Information: 0 : 21456, 1, 2021/09/21, 23:31:05.051, 1346956604716, vstest.console.dll, AssemblyResolver.OnResolve: Microsoft.TestPlatform.Extensions.EventLogCollector: Searching in: 'C:\Program Files\dotnet\sdk\5.0.301\Extensions'.
TpTrace Information: 0 : 21456, 1, 2021/09/21, 23:31:05.051, 1346956608107, vstest.console.dll, AssemblyResolver.OnResolve: Microsoft.TestPlatform.Extensions.EventLogCollector: Loading assembly 'C:\Program Files\dotnet\sdk\5.0.301\Extensions\Microsoft.TestPlatform.Extensions.EventLogCollector.dll'.
TpTrace Information: 0 : 21456, 1, 2021/09/21, 23:31:05.051, 1346956611917, vstest.console.dll, AssemblyResolver.OnResolve: Resolved assembly: Microsoft.TestPlatform.Extensions.EventLogCollector, from path: C:\Program Files\dotnet\sdk\5.0.301\Extensions\Microsoft.TestPlatform.Extensions.EventLogCollector.dll
TpTrace Information: 0 : 21456, 1, 2021/09/21, 23:31:05.053, 1346956628556, vstest.console.dll, AssemblyResolver.OnResolve: Microsoft.TestPlatform.TestHostRuntimeProvider: Resolving assembly.
TpTrace Information: 0 : 21456, 1, 2021/09/21, 23:31:05.053, 1346956629118, vstest.console.dll, AssemblyResolver.OnResolve: Microsoft.TestPlatform.TestHostRuntimeProvider: Searching in: 'C:\Program Files\dotnet\sdk\5.0.301\Extensions'.
TpTrace Information: 0 : 21456, 1, 2021/09/21, 23:31:05.054, 1346956632419, vstest.console.dll, AssemblyResolver.OnResolve: Microsoft.TestPlatform.TestHostRuntimeProvider: Loading assembly 'C:\Program Files\dotnet\sdk\5.0.301\Extensions\Microsoft.TestPlatform.TestHostRuntimeProvider.dll'.
TpTrace Information: 0 : 21456, 1, 2021/09/21, 23:31:05.054, 1346956636744, vstest.console.dll, AssemblyResolver.OnResolve: Resolved assembly: Microsoft.TestPlatform.TestHostRuntimeProvider, from path: C:\Program Files\dotnet\sdk\5.0.301\Extensions\Microsoft.TestPlatform.TestHostRuntimeProvider.dll
TpTrace Information: 0 : 21456, 1, 2021/09/21, 23:31:05.055, 1346956644649, vstest.console.dll, AssemblyResolver.OnResolve: Microsoft.VisualStudio.TestPlatform.Extensions.Html.TestLogger: Resolving assembly.
TpTrace Information: 0 : 21456, 1, 2021/09/21, 23:31:05.055, 1346956645039, vstest.console.dll, AssemblyResolver.OnResolve: Microsoft.VisualStudio.TestPlatform.Extensions.Html.TestLogger: Searching in: 'C:\Program Files\dotnet\sdk\5.0.301\Extensions'.
TpTrace Information: 0 : 21456, 1, 2021/09/21, 23:31:05.055, 1346956649203, vstest.console.dll, AssemblyResolver.OnResolve: Microsoft.VisualStudio.TestPlatform.Extensions.Html.TestLogger: Loading assembly 'C:\Program Files\dotnet\sdk\5.0.301\Extensions\Microsoft.VisualStudio.TestPlatform.Extensions.Html.TestLogger.dll'.
TpTrace Information: 0 : 21456, 1, 2021/09/21, 23:31:05.056, 1346956654618, vstest.console.dll, AssemblyResolver.OnResolve: Resolved assembly: Microsoft.VisualStudio.TestPlatform.Extensions.Html.TestLogger, from path: C:\Program Files\dotnet\sdk\5.0.301\Extensions\Microsoft.VisualStudio.TestPlatform.Extensions.Html.TestLogger.dll
TpTrace Information: 0 : 21456, 1, 2021/09/21, 23:31:05.056, 1346956656775, vstest.console.dll, AssemblyResolver.OnResolve: Microsoft.VisualStudio.TestPlatform.Extensions.Trx.TestLogger: Resolving assembly.
TpTrace Information: 0 : 21456, 1, 2021/09/21, 23:31:05.056, 1346956657071, vstest.console.dll, AssemblyResolver.OnResolve: Microsoft.VisualStudio.TestPlatform.Extensions.Trx.TestLogger: Searching in: 'C:\Program Files\dotnet\sdk\5.0.301\Extensions'.
TpTrace Information: 0 : 21456, 1, 2021/09/21, 23:31:05.056, 1346956660630, vstest.console.dll, AssemblyResolver.OnResolve: Microsoft.VisualStudio.TestPlatform.Extensions.Trx.TestLogger: Loading assembly 'C:\Program Files\dotnet\sdk\5.0.301\Extensions\Microsoft.VisualStudio.TestPlatform.Extensions.Trx.TestLogger.dll'.
TpTrace Information: 0 : 21456, 1, 2021/09/21, 23:31:05.057, 1346956664671, vstest.console.dll, AssemblyResolver.OnResolve: Resolved assembly: Microsoft.VisualStudio.TestPlatform.Extensions.Trx.TestLogger, from path: C:\Program Files\dotnet\sdk\5.0.301\Extensions\Microsoft.VisualStudio.TestPlatform.Extensions.Trx.TestLogger.dll
TpTrace Verbose: 0 : 21456, 1, 2021/09/21, 23:31:05.057, 1346956668030, vstest.console.dll, TestPluginCache: Discovered the extensions using extension path ''.
TpTrace Verbose: 0 : 21456, 1, 2021/09/21, 23:31:05.057, 1346956668357, vstest.console.dll, TestPluginCache: Discoverers are ''.
TpTrace Verbose: 0 : 21456, 1, 2021/09/21, 23:31:05.057, 1346956668494, vstest.console.dll, TestPluginCache: Executors are ''.
TpTrace Verbose: 0 : 21456, 1, 2021/09/21, 23:31:05.057, 1346956668617, vstest.console.dll, TestPluginCache: Executors2 are ''.
TpTrace Verbose: 0 : 21456, 1, 2021/09/21, 23:31:05.057, 1346956668739, vstest.console.dll, TestPluginCache: Setting providers are ''.
TpTrace Verbose: 0 : 21456, 1, 2021/09/21, 23:31:05.057, 1346956668862, vstest.console.dll, TestPluginCache: Loggers are ''.
TpTrace Information: 0 : 21456, 1, 2021/09/21, 23:31:05.060, 1346956698894, vstest.console.dll, RunTestsArgumentProcessor:Execute: Test run is starting.
TpTrace Verbose: 0 : 21456, 1, 2021/09/21, 23:31:05.060, 1346956699472, vstest.console.dll, RunTestsArgumentProcessor:Execute: Queuing Test run.
TpTrace Information: 0 : 21456, 1, 2021/09/21, 23:31:05.060, 1346956700656, vstest.console.dll, TestRequestManager.RunTests: run tests started.
TpTrace Information: 0 : 21456, 1, 2021/09/21, 23:31:05.062, 1346956720332, vstest.console.dll, AssemblyMetadataProvider.GetFrameWork: Determined framework:'.NETCoreApp,Version=v5.0' for source: 'D:\IsmaPCBlanco\Documentos\ISMA\Semestre 2021-2\Diseño dirigido por pruebas\Proyectos\BancoSolution\Banco.Domain.Test\bin\Debug\net5.0\fine-code-coverage\build-output\Banco.Domain.Test.dll'
TpTrace Information: 0 : 21456, 1, 2021/09/21, 23:31:05.062, 1346956721483, vstest.console.dll, Determined framework for all sources: .NETCoreApp,Version=v5.0
TpTrace Information: 0 : 21456, 1, 2021/09/21, 23:31:05.063, 1346956724254, vstest.console.dll, AssemblyMetadataProvider.GetArchitecture: Determined architecture:AnyCPU info for assembly: D:\IsmaPCBlanco\Documentos\ISMA\Semestre 2021-2\Diseño dirigido por pruebas\Proyectos\BancoSolution\Banco.Domain.Test\bin\Debug\net5.0\fine-code-coverage\build-output\Banco.Domain.Test.dll
TpTrace Information: 0 : 21456, 1, 2021/09/21, 23:31:05.064, 1346956736476, vstest.console.dll, Determined platform for all sources: X64
TpTrace Information: 0 : 21456, 1, 2021/09/21, 23:31:05.066, 1346956753323, vstest.console.dll, Compatible sources list : 
TpTrace Information: 0 : 21456, 1, 2021/09/21, 23:31:05.066, 1346956753809, vstest.console.dll, D:\IsmaPCBlanco\Documentos\ISMA\Semestre 2021-2\Diseño dirigido por pruebas\Proyectos\BancoSolution\Banco.Domain.Test\bin\Debug\net5.0\fine-code-coverage\build-output\Banco.Domain.Test.dll
TpTrace Information: 0 : 21456, 1, 2021/09/21, 23:31:05.067, 1346956766147, vstest.console.dll, InferRunSettingsHelper.IsTestSettingsEnabled: Unable to navigate to RunSettings/MSTest. Current node: RunSettings
TpTrace Information: 0 : 21456, 1, 2021/09/21, 23:31:05.067, 1346956769936, vstest.console.dll, AssemblyResolver.OnResolve: Microsoft.VisualStudio.TestPlatform.Fakes: Resolving assembly.
TpTrace Information: 0 : 21456, 1, 2021/09/21, 23:31:05.067, 1346956770304, vstest.console.dll, AssemblyResolver.OnResolve: Microsoft.VisualStudio.TestPlatform.Fakes: Searching in: 'C:\Program Files\dotnet\sdk\5.0.301\Extensions'.
TpTrace Information: 0 : 21456, 1, 2021/09/21, 23:31:05.067, 1346956771078, vstest.console.dll, AssemblyResolver.OnResolve: Microsoft.VisualStudio.TestPlatform.Fakes: Assembly path does not exist: 'C:\Program Files\dotnet\sdk\5.0.301\Extensions\Microsoft.VisualStudio.TestPlatform.Fakes.dll', returning.
TpTrace Information: 0 : 21456, 1, 2021/09/21, 23:31:05.067, 1346956771528, vstest.console.dll, AssemblyResolver.OnResolve: Microsoft.VisualStudio.TestPlatform.Fakes: Assembly path does not exist: 'C:\Program Files\dotnet\sdk\5.0.301\Extensions\Microsoft.VisualStudio.TestPlatform.Fakes.exe', returning.
TpTrace Information: 0 : 21456, 1, 2021/09/21, 23:31:05.067, 1346956771816, vstest.console.dll, AssemblyResolver.OnResolve: Microsoft.VisualStudio.TestPlatform.Fakes: Searching in: 'C:\Program Files\dotnet\sdk\5.0.301'.
TpTrace Information: 0 : 21456, 1, 2021/09/21, 23:31:05.068, 1346956772223, vstest.console.dll, AssemblyResolver.OnResolve: Microsoft.VisualStudio.TestPlatform.Fakes: Assembly path does not exist: 'C:\Program Files\dotnet\sdk\5.0.301\Microsoft.VisualStudio.TestPlatform.Fakes.dll', returning.
TpTrace Information: 0 : 21456, 1, 2021/09/21, 23:31:05.068, 1346956773070, vstest.console.dll, AssemblyResolver.OnResolve: Microsoft.VisualStudio.TestPlatform.Fakes: Assembly path does not exist: 'C:\Program Files\dotnet\sdk\5.0.301\Microsoft.VisualStudio.TestPlatform.Fakes.exe', returning.
TpTrace Information: 0 : 21456, 1, 2021/09/21, 23:31:05.068, 1346956773809, vstest.console.dll, AssemblyResolver.OnResolve: Microsoft.VisualStudio.TestPlatform.Fakes: Failed to load assembly.
TpTrace Information: 0 : 21456, 1, 2021/09/21, 23:31:05.068, 1346956777383, vstest.console.dll, Failed to create newly implemented Fakes Configurator. Reason:System.IO.FileNotFoundException: Could not load file or assembly 'Microsoft.VisualStudio.TestPlatform.Fakes, Version=16.0.0.0, Culture=neutral, PublicKeyToken=null'. El sistema no puede encontrar el archivo especificado.
File name: 'Microsoft.VisualStudio.TestPlatform.Fakes, Version=16.0.0.0, Culture=neutral, PublicKeyToken=null'
   at System.Reflection.RuntimeAssembly.InternalLoad(ObjectHandleOnStack assemblyName, ObjectHandleOnStack requestingAssembly, StackCrawlMarkHandle stackMark, Boolean throwOnFileNotFound, ObjectHandleOnStack assemblyLoadContext, ObjectHandleOnStack retAssembly)
   at System.Reflection.RuntimeAssembly.InternalLoad(AssemblyName assemblyName, RuntimeAssembly requestingAssembly, StackCrawlMark& stackMark, Boolean throwOnFileNotFound, AssemblyLoadContext assemblyLoadContext)
   at System.Reflection.Assembly.Load(AssemblyName assemblyRef)
   at Microsoft.VisualStudio.TestPlatform.Common.Utilities.FakesUtilities.TryGetFakesCrossPlatformDataCollectorConfigurator() 
TpTrace Verbose: 0 : 21456, 1, 2021/09/21, 23:31:05.071, 1346956802206, vstest.console.dll, TestPluginCache.DiscoverTestExtensions: finding test extensions in assemblies ends with: TestLogger.dll TPluginInfo: Microsoft.VisualStudio.TestPlatform.Common.ExtensionFramework.Utilities.TestLoggerPluginInformation TExtension: Microsoft.VisualStudio.TestPlatform.ObjectModel.Client.ITestLogger
TpTrace Verbose: 0 : 21456, 1, 2021/09/21, 23:31:05.071, 1346956802848, vstest.console.dll, TestPluginCache.GetExtensionPaths: Filtered extension paths: 
TpTrace Verbose: 0 : 21456, 1, 2021/09/21, 23:31:05.071, 1346956803025, vstest.console.dll, TestPluginCache.GetExtensionPaths: Added default extension paths: C:\Program Files\dotnet\sdk\5.0.301\Extensions\Microsoft.Diagnostics.NETCore.Client.dll
C:\Program Files\dotnet\sdk\5.0.301\Extensions\Microsoft.TestPlatform.Extensions.BlameDataCollector.dll
C:\Program Files\dotnet\sdk\5.0.301\Extensions\Microsoft.TestPlatform.Extensions.EventLogCollector.dll
C:\Program Files\dotnet\sdk\5.0.301\Extensions\Microsoft.TestPlatform.TestHostRuntimeProvider.dll
C:\Program Files\dotnet\sdk\5.0.301\Extensions\Microsoft.VisualStudio.TestPlatform.Extensions.Html.TestLogger.dll
C:\Program Files\dotnet\sdk\5.0.301\Extensions\Microsoft.VisualStudio.TestPlatform.Extensions.Trx.TestLogger.dll
TpTrace Verbose: 0 : 21456, 1, 2021/09/21, 23:31:05.071, 1346956803201, vstest.console.dll, TestPluginCache.GetExtensionPaths: Added unfilterableExtensionPaths: 
TpTrace Information: 0 : 21456, 1, 2021/09/21, 23:31:05.071, 1346956804333, vstest.console.dll, AssemblyResolver.AddSearchDirectories: Adding more searchDirectories C:\Program Files\dotnet\sdk\5.0.301\Extensions,C:\Program Files\dotnet\sdk\5.0.301
TpTrace Verbose: 0 : 21456, 1, 2021/09/21, 23:31:05.071, 1346956804639, vstest.console.dll, TestPluginCache.DiscoverTestExtensions: Discovering the extensions using extension path.
TpTrace Verbose: 0 : 21456, 1, 2021/09/21, 23:31:05.071, 1346956804831, vstest.console.dll, TestPluginCache.GetExtensionPaths: Filtered extension paths: 
TpTrace Verbose: 0 : 21456, 1, 2021/09/21, 23:31:05.071, 1346956804976, vstest.console.dll, TestPluginCache.GetExtensionPaths: Added default extension paths: C:\Program Files\dotnet\sdk\5.0.301\Extensions\Microsoft.Diagnostics.NETCore.Client.dll
C:\Program Files\dotnet\sdk\5.0.301\Extensions\Microsoft.TestPlatform.Extensions.BlameDataCollector.dll
C:\Program Files\dotnet\sdk\5.0.301\Extensions\Microsoft.TestPlatform.Extensions.EventLogCollector.dll
C:\Program Files\dotnet\sdk\5.0.301\Extensions\Microsoft.TestPlatform.TestHostRuntimeProvider.dll
C:\Program Files\dotnet\sdk\5.0.301\Extensions\Microsoft.VisualStudio.TestPlatform.Extensions.Html.TestLogger.dll
C:\Program Files\dotnet\sdk\5.0.301\Extensions\Microsoft.VisualStudio.TestPlatform.Extensions.Trx.TestLogger.dll
TpTrace Verbose: 0 : 21456, 1, 2021/09/21, 23:31:05.071, 1346956805126, vstest.console.dll, TestPluginCache.GetExtensionPaths: Added unfilterableExtensionPaths: 
TpTrace Verbose: 0 : 21456, 1, 2021/09/21, 23:31:05.071, 1346956805310, vstest.console.dll, TestPluginCache.DiscoverTestExtensions: Discovering the extensions using allExtensionPaths: C:\Program Files\dotnet\sdk\5.0.301\Extensions\Microsoft.Diagnostics.NETCore.Client.dll
C:\Program Files\dotnet\sdk\5.0.301\Extensions\Microsoft.TestPlatform.Extensions.BlameDataCollector.dll
C:\Program Files\dotnet\sdk\5.0.301\Extensions\Microsoft.TestPlatform.Extensions.EventLogCollector.dll
C:\Program Files\dotnet\sdk\5.0.301\Extensions\Microsoft.TestPlatform.TestHostRuntimeProvider.dll
C:\Program Files\dotnet\sdk\5.0.301\Extensions\Microsoft.VisualStudio.TestPlatform.Extensions.Html.TestLogger.dll
C:\Program Files\dotnet\sdk\5.0.301\Extensions\Microsoft.VisualStudio.TestPlatform.Extensions.Trx.TestLogger.dll
TpTrace Information: 0 : 21456, 1, 2021/09/21, 23:31:05.071, 1346956805553, vstest.console.dll, AssemblyResolver.AddSearchDirectories: Adding more searchDirectories C:\Program Files\dotnet\sdk\5.0.301\Extensions,C:\Program Files\dotnet\sdk\5.0.301
TpTrace Information: 0 : 21456, 1, 2021/09/21, 23:31:05.071, 1346956805707, vstest.console.dll, AssemblyResolver.AddSearchDirectories: Adding more searchDirectories C:\Program Files\dotnet\sdk\5.0.301\Extensions,C:\Program Files\dotnet\sdk\5.0.301
TpTrace Information: 0 : 21456, 1, 2021/09/21, 23:31:05.071, 1346956805847, vstest.console.dll, AssemblyResolver.AddSearchDirectories: Adding more searchDirectories C:\Program Files\dotnet\sdk\5.0.301\Extensions,C:\Program Files\dotnet\sdk\5.0.301
TpTrace Information: 0 : 21456, 1, 2021/09/21, 23:31:05.071, 1346956805989, vstest.console.dll, AssemblyResolver.AddSearchDirectories: Adding more searchDirectories C:\Program Files\dotnet\sdk\5.0.301\Extensions,C:\Program Files\dotnet\sdk\5.0.301
TpTrace Information: 0 : 21456, 1, 2021/09/21, 23:31:05.071, 1346956806150, vstest.console.dll, AssemblyResolver.AddSearchDirectories: Adding more searchDirectories C:\Program Files\dotnet\sdk\5.0.301\Extensions,C:\Program Files\dotnet\sdk\5.0.301
TpTrace Information: 0 : 21456, 1, 2021/09/21, 23:31:05.071, 1346956806292, vstest.console.dll, AssemblyResolver.AddSearchDirectories: Adding more searchDirectories C:\Program Files\dotnet\sdk\5.0.301\Extensions,C:\Program Files\dotnet\sdk\5.0.301
TpTrace Information: 0 : 21456, 1, 2021/09/21, 23:31:05.071, 1346956807970, vstest.console.dll, AssemblyResolver.OnResolve: Microsoft.Bcl.AsyncInterfaces: Resolving assembly.
TpTrace Information: 0 : 21456, 1, 2021/09/21, 23:31:05.071, 1346956808245, vstest.console.dll, AssemblyResolver.OnResolve: Microsoft.Bcl.AsyncInterfaces: Resolved from cache.
TpTrace Verbose: 0 : 21456, 1, 2021/09/21, 23:31:05.071, 1346956808412, vstest.console.dll, CurrentDomainAssemblyResolve: Resolving assembly 'Microsoft.Bcl.AsyncInterfaces'.
TpTrace Information: 0 : 21456, 1, 2021/09/21, 23:31:05.071, 1346956808766, vstest.console.dll, AssemblyResolver.OnResolve: Microsoft.Bcl.AsyncInterfaces: Resolving assembly.
TpTrace Information: 0 : 21456, 1, 2021/09/21, 23:31:05.071, 1346956808928, vstest.console.dll, AssemblyResolver.OnResolve: Microsoft.Bcl.AsyncInterfaces: Resolved from cache.
TpTrace Verbose: 0 : 21456, 1, 2021/09/21, 23:31:05.071, 1346956809075, vstest.console.dll, CurrentDomainAssemblyResolve: Resolving assembly 'Microsoft.Bcl.AsyncInterfaces'.
TpTrace Verbose: 0 : 21456, 1, 2021/09/21, 23:31:05.071, 1346956809203, vstest.console.dll, CurrentDomainAssemblyResolve: Failed to resolve assembly 'Microsoft.Bcl.AsyncInterfaces'.
TpTrace Verbose: 0 : 21456, 1, 2021/09/21, 23:31:05.071, 1346956810225, vstest.console.dll, CurrentDomainAssemblyResolve: Failed to resolve assembly 'Microsoft.Bcl.AsyncInterfaces'.
TpTrace Warning: 0 : 21456, 1, 2021/09/21, 23:31:05.072, 1346956811939, vstest.console.dll, TestPluginDiscoverer: Failed to get types from assembly 'Microsoft.Diagnostics.NETCore.Client, Version=0.2.2.41902, Culture=neutral, PublicKeyToken=31bf3856ad364e35'.  Skipping test extension scan for this assembly.  Error: System.Reflection.ReflectionTypeLoadException: Unable to load one or more of the requested types.
Could not load file or assembly 'Microsoft.Bcl.AsyncInterfaces, Version=1.0.0.0, Culture=neutral, PublicKeyToken=cc7b13ffcd2ddd51'. El sistema no puede encontrar el archivo especificado.
   at System.Reflection.RuntimeModule.GetTypes(RuntimeModule module)
   at System.Reflection.RuntimeModule.GetTypes()
   at System.Reflection.Assembly.GetTypes()
   at Microsoft.VisualStudio.TestPlatform.Common.ExtensionFramework.TestPluginDiscoverer.GetTestExtensionsFromAssembly[TPluginInfo,TExtension](Assembly assembly, Dictionary`2 pluginInfos)
System.IO.FileNotFoundException: Could not load file or assembly 'Microsoft.Bcl.AsyncInterfaces, Version=1.0.0.0, Culture=neutral, PublicKeyToken=cc7b13ffcd2ddd51'. El sistema no puede encontrar el archivo especificado.
File name: 'Microsoft.Bcl.AsyncInterfaces, Version=1.0.0.0, Culture=neutral, PublicKeyToken=cc7b13ffcd2ddd51'
TpTrace Warning: 0 : 21456, 1, 2021/09/21, 23:31:05.072, 1346956812227, vstest.console.dll, LoaderExceptions: System.IO.FileNotFoundException: Could not load file or assembly 'Microsoft.Bcl.AsyncInterfaces, Version=1.0.0.0, Culture=neutral, PublicKeyToken=cc7b13ffcd2ddd51'. El sistema no puede encontrar el archivo especificado.
File name: 'Microsoft.Bcl.AsyncInterfaces, Version=1.0.0.0, Culture=neutral, PublicKeyToken=cc7b13ffcd2ddd51'
TpTrace Verbose: 0 : 21456, 1, 2021/09/21, 23:31:05.072, 1346956814416, vstest.console.dll, TestPluginCache: Discovered the extensions using extension path ''.
TpTrace Verbose: 0 : 21456, 1, 2021/09/21, 23:31:05.072, 1346956814669, vstest.console.dll, TestPluginCache: Discoverers are ''.
TpTrace Verbose: 0 : 21456, 1, 2021/09/21, 23:31:05.072, 1346956814823, vstest.console.dll, TestPluginCache: Executors are ''.
TpTrace Verbose: 0 : 21456, 1, 2021/09/21, 23:31:05.072, 1346956814949, vstest.console.dll, TestPluginCache: Executors2 are ''.
TpTrace Verbose: 0 : 21456, 1, 2021/09/21, 23:31:05.072, 1346956815070, vstest.console.dll, TestPluginCache: Setting providers are ''.
TpTrace Verbose: 0 : 21456, 1, 2021/09/21, 23:31:05.072, 1346956815422, vstest.console.dll, TestPluginCache: Loggers are 'logger://Microsoft/TestPlatform/Extensions/Blame/v1,logger://Microsoft/TestPlatform/HtmlLogger/v1,logger://Microsoft/TestPlatform/TrxLogger/v1'.
TpTrace Information: 0 : 21456, 1, 2021/09/21, 23:31:05.072, 1346956819312, vstest.console.dll, TestPluginManager.CreateTestExtension: Attempting to load test extension: Microsoft.TestPlatform.Extensions.BlameDataCollector.BlameLogger
TpTrace Information: 0 : 21456, 1, 2021/09/21, 23:31:05.078, 1346956874534, vstest.console.dll, TestPluginManager.CreateTestExtension: Attempting to load test extension: Microsoft.VisualStudio.TestPlatform.CrossPlatEngine.Hosting.DefaultTestHostManager
TpTrace Information: 0 : 21456, 1, 2021/09/21, 23:31:05.078, 1346956876953, vstest.console.dll, TestPluginManager.CreateTestExtension: Attempting to load test extension: Microsoft.VisualStudio.TestPlatform.CrossPlatEngine.Hosting.DotnetTestHostManager
TpTrace Verbose: 0 : 21456, 1, 2021/09/21, 23:31:05.078, 1346956880123, vstest.console.dll, TestEngine: Initializing Parallel Execution as MaxCpuCount is set to: 1
TpTrace Information: 0 : 21456, 1, 2021/09/21, 23:31:05.079, 1346956883237, vstest.console.dll, InferRunSettingsHelper.IsTestSettingsEnabled: Unable to navigate to RunSettings/MSTest. Current node: RunSettings
TpTrace Verbose: 0 : 21456, 1, 2021/09/21, 23:31:05.087, 1346956967622, vstest.console.dll, TestRequestSender is acting as server
TpTrace Verbose: 0 : 21456, 4, 2021/09/21, 23:31:05.090, 1346956992250, vstest.console.dll, DataCollectionRequestSender.InitializeCommunication : Initialize communication. 
TpTrace Information: 0 : 21456, 4, 2021/09/21, 23:31:05.097, 1346957067408, vstest.console.dll, Listening on Endpoint : 127.0.0.1:59868
TpTrace Verbose: 0 : 21456, 4, 2021/09/21, 23:31:05.105, 1346957149229, vstest.console.dll, DotnetDataCollectionLauncher: Full path of dotnet.exe is C:\Program Files\dotnet\dotnet.exe
TpTrace Verbose: 0 : 21456, 4, 2021/09/21, 23:31:05.105, 1346957151169, vstest.console.dll, DotnetDataCollectionLauncher: Adding  --runtimeconfig "C:\Program Files\dotnet\sdk\5.0.301\datacollector.runtimeconfig.json" in args
TpTrace Verbose: 0 : 21456, 4, 2021/09/21, 23:31:05.105, 1346957151724, vstest.console.dll, DotnetDataCollectionLauncher: Adding  --depsfile "C:\Program Files\dotnet\sdk\5.0.301\datacollector.deps.json" in args
TpTrace Information: 0 : 21456, 4, 2021/09/21, 23:31:05.113, 1346957224628, vstest.console.dll, ProxyDataCollectionManager.Initialize: Launched datacollector processId: 11544 port: 59868
TpTrace Information: 0 : 21456, 4, 2021/09/21, 23:31:05.113, 1346957226595, vstest.console.dll, ProxyDataCollectionManager.Initialize: waiting for connection with timeout: 90 seconds
TpTrace Verbose: 0 : 21456, 4, 2021/09/21, 23:31:05.113, 1346957227195, vstest.console.dll, DataCollectionRequestSender.WaitForRequestHandlerConnection : Waiting for connection with timeout: 90000
TpTrace Information: 0 : 21456, 7, 2021/09/21, 23:31:05.219, 1346958288998, vstest.console.dll, Using the buffer size of 16384 bytes
TpTrace Information: 0 : 21456, 7, 2021/09/21, 23:31:05.219, 1346958289855, vstest.console.dll, Accepted Client request and set the flag
TpTrace Verbose: 0 : 21456, 4, 2021/09/21, 23:31:05.219, 1346958290016, vstest.console.dll, ProxyDataCollectionManager.InvokeDataCollectionServiceAction: Starting.
TpTrace Information: 0 : 21456, 4, 2021/09/21, 23:31:05.219, 1346958290761, vstest.console.dll, ProxyDataCollectionManager.BeforeTestRunStart: Get environment variable and port for datacollector processId: 11544 port: 59868
TpTrace Verbose: 0 : 21456, 4, 2021/09/21, 23:31:05.219, 1346958291472, vstest.console.dll, DataCollectionRequestSender.SendBeforeTestRunStartAndGetResult : Send BeforeTestRunStart message with settingsXml <RunSettings><RunConfiguration><ResultsDirectory>D:\IsmaPCBlanco\Documentos\ISMA\Semestre 2021-2\Diseño dirigido por pruebas\Proyectos\BancoSolution\Banco.Domain.Test\bin\Debug\net5.0\fine-code-coverage\coverage-tool-output</ResultsDirectory><TargetPlatform>X64</TargetPlatform><TargetFrameworkVersion>.NETCoreApp,Version=v5.0</TargetFrameworkVersion><DesignMode>False</DesignMode><CollectSourceInformation>False</CollectSourceInformation><TestAdaptersPaths>C:\Program Files\dotnet\sdk\5.0.301\Extensions</TestAdaptersPaths></RunConfiguration><LoggerRunSettings><Loggers><Logger friendlyName="blame" enabled="True" /><Logger friendlyName="Console" uri="logger://microsoft/TestPlatform/ConsoleLogger/v1" assemblyQualifiedName="Microsoft.VisualStudio.TestPlatform.CommandLine.Internal.ConsoleLogger, vstest.console, Version=15.0.0.0, Culture=neutral, PublicKeyToken=b03f5f7f11d50a3a" codeBase="C:\Program Files\dotnet\sdk\5.0.301\vstest.console.dll" enabled="True" /></Loggers></LoggerRunSettings><DataCollectionRunSettings><DataCollectors><DataCollector friendlyName="blame" enabled="True"><Configuration><ResultsDirectory>D:\IsmaPCBlanco\Documentos\ISMA\Semestre 2021-2\Diseño dirigido por pruebas\Proyectos\BancoSolution\Banco.Domain.Test\bin\Debug\net5.0\fine-code-coverage\coverage-tool-output</ResultsDirectory></Configuration></DataCollector></DataCollectors></DataCollectionRunSettings></RunSettings> and sources System.Linq.Enumerable+Concat2Iterator`1[System.String]: 
TpTrace Verbose: 0 : 21456, 4, 2021/09/21, 23:31:05.269, 1346958783402, vstest.console.dll, DataCollectionRequestSender.SendBeforeTestRunStartAndGetResult : Received message: (DataCollection.SendMessage) -> {
  "FriendlyName": null,
  "Uri": null,
  "TestCaseId": "00000000-0000-0000-0000-000000000000",
  "Message": "Logging DataCollector Diagnostics in file: D:\\IsmaPCBlanco\\Documentos\\ISMA\\Semestre 2021-2\\Diseño dirigido por pruebas\\Proyectos\\BancoSolution\\Banco.Domain.Test\\bin\\Debug\\net5.0\\fine-code-coverage\\coverage-tool-output\\diagnostics.datacollector.21-09-21_23-31-05_10246_4.log",
  "Level": 0
}
TpTrace Information: 0 : 21456, 4, 2021/09/21, 23:31:05.272, 1346958820477, vstest.console.dll, AssemblyResolver.OnResolve: Microsoft.VisualStudio.TestPlatform.Common.resources: Resolving assembly.
TpTrace Information: 0 : 21456, 4, 2021/09/21, 23:31:05.272, 1346958821375, vstest.console.dll, AssemblyResolver.OnResolve: Microsoft.VisualStudio.TestPlatform.Common.resources: Searching in: 'C:\Program Files\dotnet\sdk\5.0.301\Extensions'.
TpTrace Information: 0 : 21456, 4, 2021/09/21, 23:31:05.272, 1346958821890, vstest.console.dll, AssemblyResolver.OnResolve: Microsoft.VisualStudio.TestPlatform.Common.resources: Assembly path does not exist: 'C:\Program Files\dotnet\sdk\5.0.301\Extensions\Microsoft.VisualStudio.TestPlatform.Common.resources.dll', returning.
TpTrace Information: 0 : 21456, 4, 2021/09/21, 23:31:05.273, 1346958822318, vstest.console.dll, AssemblyResolver.OnResolve: Microsoft.VisualStudio.TestPlatform.Common.resources: Assembly path does not exist: 'C:\Program Files\dotnet\sdk\5.0.301\Extensions\Microsoft.VisualStudio.TestPlatform.Common.resources.exe', returning.
TpTrace Information: 0 : 21456, 4, 2021/09/21, 23:31:05.273, 1346958822494, vstest.console.dll, AssemblyResolver.OnResolve: Microsoft.VisualStudio.TestPlatform.Common.resources: Searching in: 'C:\Program Files\dotnet\sdk\5.0.301'.
TpTrace Information: 0 : 21456, 4, 2021/09/21, 23:31:05.273, 1346958822857, vstest.console.dll, AssemblyResolver.OnResolve: Microsoft.VisualStudio.TestPlatform.Common.resources: Assembly path does not exist: 'C:\Program Files\dotnet\sdk\5.0.301\Microsoft.VisualStudio.TestPlatform.Common.resources.dll', returning.
TpTrace Information: 0 : 21456, 4, 2021/09/21, 23:31:05.273, 1346958823185, vstest.console.dll, AssemblyResolver.OnResolve: Microsoft.VisualStudio.TestPlatform.Common.resources: Assembly path does not exist: 'C:\Program Files\dotnet\sdk\5.0.301\Microsoft.VisualStudio.TestPlatform.Common.resources.exe', returning.
TpTrace Information: 0 : 21456, 4, 2021/09/21, 23:31:05.273, 1346958823382, vstest.console.dll, AssemblyResolver.OnResolve: Microsoft.VisualStudio.TestPlatform.Common.resources: Failed to load assembly.
TpTrace Verbose: 0 : 21456, 4, 2021/09/21, 23:31:05.312, 1346959215123, vstest.console.dll, DataCollectionRequestSender.SendBeforeTestRunStartAndGetResult : Received message: (DataCollection.BeforeTestRunStartResult) -> {
  "EnvironmentVariables": {},
  "DataCollectionEventsPort": 59873
}
TpTrace Information: 0 : 21456, 4, 2021/09/21, 23:31:05.314, 1346959240258, vstest.console.dll, ProxyDataCollectionManager.BeforeTestRunStart: SendBeforeTestRunStartAndGetResult successful, env variable from datacollector:   and testhost port: 59873
TpTrace Information: 0 : 21456, 4, 2021/09/21, 23:31:05.314, 1346959240758, vstest.console.dll, ProxyDataCollectionManager.InvokeDataCollectionServiceAction: Completed.
TpTrace Verbose: 0 : 21456, 1, 2021/09/21, 23:31:05.315, 1346959242506, vstest.console.dll, TestRunRequest.ExecuteAsync: Creating test run request.
TpTrace Verbose: 0 : 21456, 1, 2021/09/21, 23:31:05.315, 1346959244312, vstest.console.dll, TestRunRequest.ExecuteAsync: Starting.
TpTrace Information: 0 : 21456, 1, 2021/09/21, 23:31:05.315, 1346959245937, vstest.console.dll, TestRunRequest.ExecuteAsync: Starting run with settings:TestRunCriteria:
   KeepAlive=False,FrequencyOfRunStatsChangeEvent=10,RunStatsChangeEventTimeout=00:00:01.5000000,TestCaseFilter=,TestExecutorLauncher=
   Settingsxml=<RunSettings>
  <RunConfiguration>
    <ResultsDirectory>D:\IsmaPCBlanco\Documentos\ISMA\Semestre 2021-2\Diseño dirigido por pruebas\Proyectos\BancoSolution\Banco.Domain.Test\bin\Debug\net5.0\fine-code-coverage\coverage-tool-output</ResultsDirectory>
    <TargetPlatform>X64</TargetPlatform>
    <TargetFrameworkVersion>.NETCoreApp,Version=v5.0</TargetFrameworkVersion>
    <DesignMode>False</DesignMode>
    <CollectSourceInformation>False</CollectSourceInformation>
  </RunConfiguration>
  <LoggerRunSettings>
    <Loggers>
      <Logger friendlyName="blame" enabled="True" />
      <Logger friendlyName="Console" uri="logger://microsoft/TestPlatform/ConsoleLogger/v1" assemblyQualifiedName="Microsoft.VisualStudio.TestPlatform.CommandLine.Internal.ConsoleLogger, vstest.console, Version=15.0.0.0, Culture=neutral, PublicKeyToken=b03f5f7f11d50a3a" codeBase="C:\Program Files\dotnet\sdk\5.0.301\vstest.console.dll" enabled="True" />
    </Loggers>
  </LoggerRunSettings>
  <DataCollectionRunSettings>
    <DataCollectors>
      <DataCollector friendlyName="blame" enabled="True">
        <Configuration>
          <ResultsDirectory>D:\IsmaPCBlanco\Documentos\ISMA\Semestre 2021-2\Diseño dirigido por pruebas\Proyectos\BancoSolution\Banco.Domain.Test\bin\Debug\net5.0\fine-code-coverage\coverage-tool-output</ResultsDirectory>
        </Configuration>
      </DataCollector>
    </DataCollectors>
  </DataCollectionRunSettings>
</RunSettings>

TpTrace Verbose: 0 : 21456, 1, 2021/09/21, 23:31:05.315, 1346959246221, vstest.console.dll, TestRunRequest.ExecuteAsync: Wait for the first run request is over.
TpTrace Verbose: 0 : 21456, 1, 2021/09/21, 23:31:05.315, 1346959248833, vstest.console.dll, ParallelProxyExecutionManager: Start execution. Total sources: 1
TpTrace Information: 0 : 21456, 1, 2021/09/21, 23:31:05.316, 1346959252923, vstest.console.dll, ProxyParallelExecutionManager: Triggering test run for next source: D:\IsmaPCBlanco\Documentos\ISMA\Semestre 2021-2\Diseño dirigido por pruebas\Proyectos\BancoSolution\Banco.Domain.Test\bin\Debug\net5.0\fine-code-coverage\build-output\Banco.Domain.Test.dll
TpTrace Verbose: 0 : 21456, 6, 2021/09/21, 23:31:05.316, 1346959254592, vstest.console.dll, ParallelProxyExecutionManager: Execution started. Started clients: 1
TpTrace Verbose: 0 : 21456, 1, 2021/09/21, 23:31:05.316, 1346959254778, vstest.console.dll, ProxyParallelExecutionManager: No sources available for execution.
TpTrace Information: 0 : 21456, 1, 2021/09/21, 23:31:05.316, 1346959256214, vstest.console.dll, TestRunRequest.ExecuteAsync: Started.
TpTrace Verbose: 0 : 21456, 1, 2021/09/21, 23:31:05.316, 1346959256780, vstest.console.dll, TestRunRequest.WaitForCompletion: Waiting with timeout -1.
TpTrace Verbose: 0 : 21456, 6, 2021/09/21, 23:31:05.316, 1346959257085, vstest.console.dll, TestRunRequest:SendTestRunMessage: Starting.
TpTrace Information: 0 : 21456, 6, 2021/09/21, 23:31:05.316, 1346959258172, vstest.console.dll, TestRunRequest:SendTestRunMessage: Completed.
TpTrace Verbose: 0 : 21456, 6, 2021/09/21, 23:31:05.316, 1346959260095, vstest.console.dll, ProxyExecutionManager: Test host is always Lazy initialize.
TpTrace Verbose: 0 : 21456, 6, 2021/09/21, 23:31:05.317, 1346959262186, vstest.console.dll, TestRequestSender.InitializeCommunication: initialize communication. 
TpTrace Information: 0 : 21456, 6, 2021/09/21, 23:31:05.317, 1346959267725, vstest.console.dll, SocketServer.Start: Listening on endpoint : 127.0.0.1:59874
TpTrace Verbose: 0 : 21456, 6, 2021/09/21, 23:31:05.318, 1346959273951, vstest.console.dll, DotnetTestHostmanager: Adding  --runtimeconfig "D:\IsmaPCBlanco\Documentos\ISMA\Semestre 2021-2\Diseño dirigido por pruebas\Proyectos\BancoSolution\Banco.Domain.Test\bin\Debug\net5.0\fine-code-coverage\build-output\Banco.Domain.Test.runtimeconfig.json" in args
TpTrace Verbose: 0 : 21456, 6, 2021/09/21, 23:31:05.318, 1346959274603, vstest.console.dll, DotnetTestHostmanager: Adding  --depsfile "D:\IsmaPCBlanco\Documentos\ISMA\Semestre 2021-2\Diseño dirigido por pruebas\Proyectos\BancoSolution\Banco.Domain.Test\bin\Debug\net5.0\fine-code-coverage\build-output\Banco.Domain.Test.deps.json" in args
TpTrace Verbose: 0 : 21456, 6, 2021/09/21, 23:31:05.318, 1346959275828, vstest.console.dll, DotnetTestHostManager: Testhost.exe/testhost.x86.exe found at path: D:\IsmaPCBlanco\Documentos\ISMA\Semestre 2021-2\Diseño dirigido por pruebas\Proyectos\BancoSolution\Banco.Domain.Test\bin\Debug\net5.0\fine-code-coverage\build-output\testhost.exe
TpTrace Verbose: 0 : 21456, 6, 2021/09/21, 23:31:05.318, 1346959276105, vstest.console.dll, DotnetTestHostmanager: Full path of host exe is D:\IsmaPCBlanco\Documentos\ISMA\Semestre 2021-2\Diseño dirigido por pruebas\Proyectos\BancoSolution\Banco.Domain.Test\bin\Debug\net5.0\fine-code-coverage\build-output\testhost.exe
TpTrace Verbose: 0 : 21456, 4, 2021/09/21, 23:31:05.319, 1346959287795, vstest.console.dll, DotnetTestHostManager: Starting process 'D:\IsmaPCBlanco\Documentos\ISMA\Semestre 2021-2\Diseño dirigido por pruebas\Proyectos\BancoSolution\Banco.Domain.Test\bin\Debug\net5.0\fine-code-coverage\build-output\testhost.exe' with command line ' --runtimeconfig "D:\IsmaPCBlanco\Documentos\ISMA\Semestre 2021-2\Diseño dirigido por pruebas\Proyectos\BancoSolution\Banco.Domain.Test\bin\Debug\net5.0\fine-code-coverage\build-output\Banco.Domain.Test.runtimeconfig.json" --depsfile "D:\IsmaPCBlanco\Documentos\ISMA\Semestre 2021-2\Diseño dirigido por pruebas\Proyectos\BancoSolution\Banco.Domain.Test\bin\Debug\net5.0\fine-code-coverage\build-output\Banco.Domain.Test.deps.json" --port 59874 --endpoint 127.0.0.1:059874 --role client --parentprocessid 21456 --diag "D:\IsmaPCBlanco\Documentos\ISMA\Semestre 2021-2\Diseño dirigido por pruebas\Proyectos\BancoSolution\Banco.Domain.Test\bin\Debug\net5.0\fine-code-coverage\coverage-tool-output\diagnostics.host.21-09-21_23-31-05_31788_6.log" --tracelevel 4 --datacollectionport 59873 --telemetryoptedin false'
TpTrace Verbose: 0 : 21456, 4, 2021/09/21, 23:31:05.323, 1346959330729, vstest.console.dll, Test Runtime launched
TpTrace Verbose: 0 : 21456, 6, 2021/09/21, 23:31:05.324, 1346959336265, vstest.console.dll, TestRequestSender.WaitForRequestHandlerConnection: waiting for connection with timeout: 90000
TpTrace Verbose: 0 : 21456, 4, 2021/09/21, 23:31:05.436, 1346960452565, vstest.console.dll, SocketServer.OnClientConnected: Client connected for endPoint: 127.0.0.1:59874, starting MessageLoopAsync:
TpTrace Verbose: 0 : 21456, 14, 2021/09/21, 23:31:05.436, 1346960454718, vstest.console.dll, TcpClientExtensions.MessageLoopAsync: Polling on remoteEndPoint: 127.0.0.1:59875 localEndPoint: 127.0.0.1:59874
TpTrace Verbose: 0 : 21456, 14, 2021/09/21, 23:31:05.536, 1346961456949, vstest.console.dll, TcpClientExtensions.MessageLoopAsync: NotifyDataAvailable remoteEndPoint: 127.0.0.1:59875 localEndPoint: 127.0.0.1:59874
TpTrace Verbose: 0 : 21456, 14, 2021/09/21, 23:31:05.536, 1346961459962, vstest.console.dll, TestRequestSender.CheckVersionWithTestHost: onMessageReceived received message: (ProtocolVersion) -> 5
TpTrace Verbose: 0 : 21456, 14, 2021/09/21, 23:31:05.537, 1346961463776, vstest.console.dll, TcpClientExtensions.MessageLoopAsync: Polling on remoteEndPoint: 127.0.0.1:59875 localEndPoint: 127.0.0.1:59874
TpTrace Verbose: 0 : 21456, 6, 2021/09/21, 23:31:05.537, 1346961464598, vstest.console.dll, TestPluginCache.GetExtensionPaths: Filtered extension paths: 
TpTrace Verbose: 0 : 21456, 6, 2021/09/21, 23:31:05.537, 1346961465150, vstest.console.dll, TestPluginCache.GetExtensionPaths: Added default extension paths: C:\Program Files\dotnet\sdk\5.0.301\Extensions\Microsoft.Diagnostics.NETCore.Client.dll
C:\Program Files\dotnet\sdk\5.0.301\Extensions\Microsoft.TestPlatform.Extensions.BlameDataCollector.dll
C:\Program Files\dotnet\sdk\5.0.301\Extensions\Microsoft.TestPlatform.Extensions.EventLogCollector.dll
C:\Program Files\dotnet\sdk\5.0.301\Extensions\Microsoft.TestPlatform.TestHostRuntimeProvider.dll
C:\Program Files\dotnet\sdk\5.0.301\Extensions\Microsoft.VisualStudio.TestPlatform.Extensions.Html.TestLogger.dll
C:\Program Files\dotnet\sdk\5.0.301\Extensions\Microsoft.VisualStudio.TestPlatform.Extensions.Trx.TestLogger.dll
TpTrace Verbose: 0 : 21456, 6, 2021/09/21, 23:31:05.537, 1346961465393, vstest.console.dll, TestPluginCache.GetExtensionPaths: Added unfilterableExtensionPaths: 
TpTrace Verbose: 0 : 21456, 6, 2021/09/21, 23:31:05.539, 1346961488108, vstest.console.dll, TestRequestSender.InitializeExecution: Sending initializing execution with message: {"Version":5,"MessageType":"TestExecution.Initialize","Payload":["D:\\IsmaPCBlanco\\Documentos\\ISMA\\Semestre 2021-2\\Diseño dirigido por pruebas\\Proyectos\\BancoSolution\\Banco.Domain.Test\\bin\\Debug\\net5.0\\fine-code-coverage\\build-output\\NUnit3.TestAdapter.dll"]}
TpTrace Verbose: 0 : 21456, 6, 2021/09/21, 23:31:05.544, 1346961539365, vstest.console.dll, TestRequestSender.StartTestRun: Sending test run with message: {"Version":5,"MessageType":"TestExecution.StartWithSources","Payload":{"AdapterSourceMap":{"_none_":["D:\\IsmaPCBlanco\\Documentos\\ISMA\\Semestre 2021-2\\Diseño dirigido por pruebas\\Proyectos\\BancoSolution\\Banco.Domain.Test\\bin\\Debug\\net5.0\\fine-code-coverage\\build-output\\Banco.Domain.Test.dll"]},"RunSettings":"<RunSettings>\r\n  <RunConfiguration>\r\n    <ResultsDirectory>D:\\IsmaPCBlanco\\Documentos\\ISMA\\Semestre 2021-2\\Diseño dirigido por pruebas\\Proyectos\\BancoSolution\\Banco.Domain.Test\\bin\\Debug\\net5.0\\fine-code-coverage\\coverage-tool-output</ResultsDirectory>\r\n    <TargetPlatform>X64</TargetPlatform>\r\n    <TargetFrameworkVersion>.NETCoreApp,Version=v5.0</TargetFrameworkVersion>\r\n    <DesignMode>False</DesignMode>\r\n    <CollectSourceInformation>False</CollectSourceInformation>\r\n  </RunConfiguration>\r\n  <LoggerRunSettings>\r\n    <Loggers>\r\n      <Logger friendlyName=\"blame\" enabled=\"True\" />\r\n      <Logger friendlyName=\"Console\" uri=\"logger://microsoft/TestPlatform/ConsoleLogger/v1\" assemblyQualifiedName=\"Microsoft.VisualStudio.TestPlatform.CommandLine.Internal.ConsoleLogger, vstest.console, Version=15.0.0.0, Culture=neutral, PublicKeyToken=b03f5f7f11d50a3a\" codeBase=\"C:\\Program Files\\dotnet\\sdk\\5.0.301\\vstest.console.dll\" enabled=\"True\" />\r\n    </Loggers>\r\n  </LoggerRunSettings>\r\n  <DataCollectionRunSettings>\r\n    <DataCollectors>\r\n      <DataCollector friendlyName=\"blame\" enabled=\"True\">\r\n        <Configuration>\r\n          <ResultsDirectory>D:\\IsmaPCBlanco\\Documentos\\ISMA\\Semestre 2021-2\\Diseño dirigido por pruebas\\Proyectos\\BancoSolution\\Banco.Domain.Test\\bin\\Debug\\net5.0\\fine-code-coverage\\coverage-tool-output</ResultsDirectory>\r\n        </Configuration>\r\n      </DataCollector>\r\n    </DataCollectors>\r\n  </DataCollectionRunSettings>\r\n</RunSettings>","TestExecutionContext":{"FrequencyOfRunStatsChangeEvent":10,"RunStatsChangeEventTimeout":"00:00:01.5000000","InIsolation":false,"KeepAlive":false,"AreTestCaseLevelEventsRequired":false,"IsDebug":false,"TestCaseFilter":null,"FilterOptions":null},"Package":null}}
TpTrace Verbose: 0 : 21456, 14, 2021/09/21, 23:31:05.545, 1346961550127, vstest.console.dll, TcpClientExtensions.MessageLoopAsync: NotifyDataAvailable remoteEndPoint: 127.0.0.1:59875 localEndPoint: 127.0.0.1:59874
TpTrace Verbose: 0 : 21456, 14, 2021/09/21, 23:31:05.545, 1346961551181, vstest.console.dll, TestRequestSender.OnExecutionMessageReceived: Received message: {"Version":5,"MessageType":"TestSession.Message","Payload":{"MessageLevel":0,"Message":"Registrando diagnóstico de TestHost en el archivo: D:\\IsmaPCBlanco\\Documentos\\ISMA\\Semestre 2021-2\\Diseño dirigido por pruebas\\Proyectos\\BancoSolution\\Banco.Domain.Test\\bin\\Debug\\net5.0\\fine-code-coverage\\coverage-tool-output\\diagnostics.host.21-09-21_23-31-05_31788_6.log"}}
TpTrace Verbose: 0 : 21456, 14, 2021/09/21, 23:31:05.547, 1346961564256, vstest.console.dll, TestRunRequest:SendTestRunMessage: Starting.
TpTrace Information: 0 : 21456, 14, 2021/09/21, 23:31:05.547, 1346961564995, vstest.console.dll, TestRunRequest:SendTestRunMessage: Completed.
TpTrace Verbose: 0 : 21456, 14, 2021/09/21, 23:31:05.547, 1346961565248, vstest.console.dll, TcpClientExtensions.MessageLoopAsync: Polling on remoteEndPoint: 127.0.0.1:59875 localEndPoint: 127.0.0.1:59874
TpTrace Verbose: 0 : 21456, 14, 2021/09/21, 23:31:05.655, 1346962644756, vstest.console.dll, TcpClientExtensions.MessageLoopAsync: NotifyDataAvailable remoteEndPoint: 127.0.0.1:59875 localEndPoint: 127.0.0.1:59874
TpTrace Verbose: 0 : 21456, 14, 2021/09/21, 23:31:05.655, 1346962645929, vstest.console.dll, TestRequestSender.OnExecutionMessageReceived: Received message: {"Version":5,"MessageType":"TestSession.Message","Payload":{"MessageLevel":0,"Message":"NUnit Adapter 3.17.0.0: Test execution started"}}
TpTrace Verbose: 0 : 21456, 14, 2021/09/21, 23:31:05.655, 1346962647629, vstest.console.dll, TestRunRequest:SendTestRunMessage: Starting.
TpTrace Information: 0 : 21456, 14, 2021/09/21, 23:31:05.655, 1346962648002, vstest.console.dll, TestRunRequest:SendTestRunMessage: Completed.
TpTrace Verbose: 0 : 21456, 14, 2021/09/21, 23:31:05.655, 1346962648194, vstest.console.dll, TcpClientExtensions.MessageLoopAsync: Polling on remoteEndPoint: 127.0.0.1:59875 localEndPoint: 127.0.0.1:59874
TpTrace Verbose: 0 : 21456, 14, 2021/09/21, 23:31:05.677, 1346962868630, vstest.console.dll, TcpClientExtensions.MessageLoopAsync: NotifyDataAvailable remoteEndPoint: 127.0.0.1:59875 localEndPoint: 127.0.0.1:59874
TpTrace Verbose: 0 : 21456, 14, 2021/09/21, 23:31:05.677, 1346962869793, vstest.console.dll, TestRequestSender.OnExecutionMessageReceived: Received message: {"Version":5,"MessageType":"TestSession.Message","Payload":{"MessageLevel":0,"Message":"Running all tests in D:\\IsmaPCBlanco\\Documentos\\ISMA\\Semestre 2021-2\\Diseño dirigido por pruebas\\Proyectos\\BancoSolution\\Banco.Domain.Test\\bin\\Debug\\net5.0\\fine-code-coverage\\build-output\\Banco.Domain.Test.dll"}}
TpTrace Verbose: 0 : 21456, 14, 2021/09/21, 23:31:05.680, 1346962900986, vstest.console.dll, TestRunRequest:SendTestRunMessage: Starting.
TpTrace Information: 0 : 21456, 14, 2021/09/21, 23:31:05.681, 1346962902209, vstest.console.dll, TestRunRequest:SendTestRunMessage: Completed.
TpTrace Verbose: 0 : 21456, 14, 2021/09/21, 23:31:05.681, 1346962902413, vstest.console.dll, TcpClientExtensions.MessageLoopAsync: Polling on remoteEndPoint: 127.0.0.1:59875 localEndPoint: 127.0.0.1:59874
TpTrace Verbose: 0 : 21456, 14, 2021/09/21, 23:31:05.817, 1346964266224, vstest.console.dll, TcpClientExtensions.MessageLoopAsync: NotifyDataAvailable remoteEndPoint: 127.0.0.1:59875 localEndPoint: 127.0.0.1:59874
TpTrace Verbose: 0 : 21456, 14, 2021/09/21, 23:31:05.817, 1346964267391, vstest.console.dll, TestRequestSender.OnExecutionMessageReceived: Received message: {"Version":5,"MessageType":"TestSession.Message","Payload":{"MessageLevel":0,"Message":"   NUnit3TestExecutor discovered 23 of 23 NUnit test cases"}}
TpTrace Verbose: 0 : 21456, 14, 2021/09/21, 23:31:05.817, 1346964268573, vstest.console.dll, TestRunRequest:SendTestRunMessage: Starting.
TpTrace Information: 0 : 21456, 14, 2021/09/21, 23:31:05.817, 1346964268964, vstest.console.dll, TestRunRequest:SendTestRunMessage: Completed.
TpTrace Verbose: 0 : 21456, 14, 2021/09/21, 23:31:05.817, 1346964269162, vstest.console.dll, TcpClientExtensions.MessageLoopAsync: Polling on remoteEndPoint: 127.0.0.1:59875 localEndPoint: 127.0.0.1:59874
TpTrace Verbose: 0 : 21456, 14, 2021/09/21, 23:31:05.922, 1346965313385, vstest.console.dll, TcpClientExtensions.MessageLoopAsync: NotifyDataAvailable remoteEndPoint: 127.0.0.1:59875 localEndPoint: 127.0.0.1:59874
TpTrace Verbose: 0 : 21456, 14, 2021/09/21, 23:31:05.922, 1346965315709, vstest.console.dll, TestRequestSender.OnExecutionMessageReceived: Received message: {"Version":5,"MessageType":"TestExecution.StatsChange","Payload":{"NewTestResults":[{"TestCase":{"Id":"ba863932-401b-3954-6ccd-94e167962c8d","FullyQualifiedName":"Banco.Domain.Test.CDTs.CDTTest.NoPuedeConsignarValorDeMenosUnMillon","DisplayName":"NoPuedeConsignarValorDeMenosUnMillon","ExecutorUri":"executor://NUnit3TestExecutor","Source":"D:\\IsmaPCBlanco\\Documentos\\ISMA\\Semestre 2021-2\\Diseño dirigido por pruebas\\Proyectos\\BancoSolution\\Banco.Domain.Test\\bin\\Debug\\net5.0\\fine-code-coverage\\build-output\\Banco.Domain.Test.dll","CodeFilePath":null,"LineNumber":0,"Properties":[]},"Attachments":[],"Outcome":1,"ErrorMessage":null,"ErrorStackTrace":null,"DisplayName":"NoPuedeConsignarValorDeMenosUnMillon","Messages":[],"ComputerName":"DESKTOP-FFMH835","Duration":"00:00:00.0069610","StartTime":"2021-09-22T04:31:05.8388884+00:00","EndTime":"2021-09-22T04:31:05.8457955+00:00","Properties":[]},{"TestCase":{"Id":"a1d94d19-23b9-ed5e-dc14-ecd8ecebf2fd","FullyQualifiedName":"Banco.Domain.Test.CDTs.CDTTest.NoPuedeHacerSegundaConsignaciónCorrecta","DisplayName":"NoPuedeHacerSegundaConsignaciónCorrecta","ExecutorUri":"executor://NUnit3TestExecutor","Source":"D:\\IsmaPCBlanco\\Documentos\\ISMA\\Semestre 2021-2\\Diseño dirigido por pruebas\\Proyectos\\BancoSolution\\Banco.Domain.Test\\bin\\Debug\\net5.0\\fine-code-coverage\\build-output\\Banco.Domain.Test.dll","CodeFilePath":null,"LineNumber":0,"Properties":[]},"Attachments":[],"Outcome":1,"ErrorMessage":null,"ErrorStackTrace":null,"DisplayName":"NoPuedeHacerSegundaConsignaciónCorrecta","Messages":[],"ComputerName":"DESKTOP-FFMH835","Duration":"00:00:00.0004920","StartTime":"2021-09-22T04:31:05.8471742+00:00","EndTime":"2021-09-22T04:31:05.8476668+00:00","Properties":[]},{"TestCase":{"Id":"22446617-1d79-5964-6cb5-073c0e1d9700","FullyQualifiedName":"Banco.Domain.Test.CDTs.CDTTest.NoPuedeRetirarValorCDTCorrecto","DisplayName":"NoPuedeRetirarValorCDTCorrecto","ExecutorUri":"executor://NUnit3TestExecutor","Source":"D:\\IsmaPCBlanco\\Documentos\\ISMA\\Semestre 2021-2\\Diseño dirigido por pruebas\\Proyectos\\BancoSolution\\Banco.Domain.Test\\bin\\Debug\\net5.0\\fine-code-coverage\\build-output\\Banco.Domain.Test.dll","CodeFilePath":null,"LineNumber":0,"Properties":[]},"Attachments":[],"Outcome":1,"ErrorMessage":null,"ErrorStackTrace":null,"DisplayName":"NoPuedeRetirarValorCDTCorrecto","Messages":[],"ComputerName":"DESKTOP-FFMH835","Duration":"00:00:00.0033060","StartTime":"2021-09-22T04:31:05.8476831+00:00","EndTime":"2021-09-22T04:31:05.8509882+00:00","Properties":[]},{"TestCase":{"Id":"0d15686d-5d0e-ce47-3974-188523ca3fd4","FullyQualifiedName":"Banco.Domain.Test.CDTs.CDTTest.PuedeHacerConsignaciónCorrecta","DisplayName":"PuedeHacerConsignaciónCorrecta","ExecutorUri":"executor://NUnit3TestExecutor","Source":"D:\\IsmaPCBlanco\\Documentos\\ISMA\\Semestre 2021-2\\Diseño dirigido por pruebas\\Proyectos\\BancoSolution\\Banco.Domain.Test\\bin\\Debug\\net5.0\\fine-code-coverage\\build-output\\Banco.Domain.Test.dll","CodeFilePath":null,"LineNumber":0,"Properties":[]},"Attachments":[],"Outcome":1,"ErrorMessage":null,"ErrorStackTrace":null,"DisplayName":"PuedeHacerConsignaciónCorrecta","Messages":[],"ComputerName":"DESKTOP-FFMH835","Duration":"00:00:00.0017980","StartTime":"2021-09-22T04:31:05.8510092+00:00","EndTime":"2021-09-22T04:31:05.8528039+00:00","Properties":[]},{"TestCase":{"Id":"8bc728c9-996a-0c25-df09-52d4c24051e4","FullyQualifiedName":"Banco.Domain.Test.CDTs.CDTTest.PuedeRetirarValorCDTCorrecto","DisplayName":"PuedeRetirarValorCDTCorrecto","ExecutorUri":"executor://NUnit3TestExecutor","Source":"D:\\IsmaPCBlanco\\Documentos\\ISMA\\Semestre 2021-2\\Diseño dirigido por pruebas\\Proyectos\\BancoSolution\\Banco.Domain.Test\\bin\\Debug\\net5.0\\fine-code-coverage\\build-output\\Banco.Domain.Test.dll","CodeFilePath":null,"LineNumber":0,"Properties":[]},"Attachments":[],"Outcome":1,"ErrorMessage":null,"ErrorStackTrace":null,"DisplayName":"PuedeRetirarValorCDTCorrecto","Messages":[],"ComputerName":"DESKTOP-FFMH835","Duration":"00:00:00.0006489","StartTime":"2021-09-22T04:31:05.8528722+00:00","EndTime":"2021-09-22T04:31:05.8535208+00:00","Properties":[]},{"TestCase":{"Id":"7869f43a-759b-0f41-064d-c6fd0c99a647","FullyQualifiedName":"Banco.Domain.Test.CuentasAhorro.CuentaAhorroTest.NoPuedeConsignarValorDeMenosUno","DisplayName":"NoPuedeConsignarValorDeMenosUno","ExecutorUri":"executor://NUnit3TestExecutor","Source":"D:\\IsmaPCBlanco\\Documentos\\ISMA\\Semestre 2021-2\\Diseño dirigido por pruebas\\Proyectos\\BancoSolution\\Banco.Domain.Test\\bin\\Debug\\net5.0\\fine-code-coverage\\build-output\\Banco.Domain.Test.dll","CodeFilePath":null,"LineNumber":0,"Properties":[]},"Attachments":[],"Outcome":1,"ErrorMessage":null,"ErrorStackTrace":null,"DisplayName":"NoPuedeConsignarValorDeMenosUno","Messages":[],"ComputerName":"DESKTOP-FFMH835","Duration":"00:00:00.0008990","StartTime":"2021-09-22T04:31:05.8551062+00:00","EndTime":"2021-09-22T04:31:05.8560043+00:00","Properties":[]},{"TestCase":{"Id":"ace853fd-5f44-373e-f8b1-fedb6937b901","FullyQualifiedName":"Banco.Domain.Test.CuentasAhorro.CuentaAhorroTest.NoPuedeHacerConsignacionInicialCorrecta","DisplayName":"NoPuedeHacerConsignacionInicialCorrecta","ExecutorUri":"executor://NUnit3TestExecutor","Source":"D:\\IsmaPCBlanco\\Documentos\\ISMA\\Semestre 2021-2\\Diseño dirigido por pruebas\\Proyectos\\BancoSolution\\Banco.Domain.Test\\bin\\Debug\\net5.0\\fine-code-coverage\\build-output\\Banco.Domain.Test.dll","CodeFilePath":null,"LineNumber":0,"Properties":[]},"Attachments":[],"Outcome":1,"ErrorMessage":null,"ErrorStackTrace":null,"DisplayName":"NoPuedeHacerConsignacionInicialCorrecta","Messages":[],"ComputerName":"DESKTOP-FFMH835","Duration":"00:00:00.0016080","StartTime":"2021-09-22T04:31:05.8560158+00:00","EndTime":"2021-09-22T04:31:05.8576232+00:00","Properties":[]},{"TestCase":{"Id":"d32e3a0c-fac5-9657-5cfb-0d843e98effa","FullyQualifiedName":"Banco.Domain.Test.CuentasAhorro.CuentaAhorroTest.NoPuedeHacerRetiroInicialCorrecto","DisplayName":"NoPuedeHacerRetiroInicialCorrecto","ExecutorUri":"executor://NUnit3TestExecutor","Source":"D:\\IsmaPCBlanco\\Documentos\\ISMA\\Semestre 2021-2\\Diseño dirigido por pruebas\\Proyectos\\BancoSolution\\Banco.Domain.Test\\bin\\Debug\\net5.0\\fine-code-coverage\\build-output\\Banco.Domain.Test.dll","CodeFilePath":null,"LineNumber":0,"Properties":[]},"Attachments":[],"Outcome":1,"ErrorMessage":null,"ErrorStackTrace":null,"DisplayName":"NoPuedeHacerRetiroInicialCorrecto","Messages":[],"ComputerName":"DESKTOP-FFMH835","Duration":"00:00:00.0009480","StartTime":"2021-09-22T04:31:05.8576355+00:00","EndTime":"2021-09-22T04:31:05.8585825+00:00","Properties":[]},{"TestCase":{"Id":"72f9eadf-a506-c17c-ed15-683297b05c64","FullyQualifiedName":"Banco.Domain.Test.CuentasAhorro.CuentaAhorroTest.NoPuedeRetirarValorDeMenosUno","DisplayName":"NoPuedeRetirarValorDeMenosUno","ExecutorUri":"executor://NUnit3TestExecutor","Source":"D:\\IsmaPCBlanco\\Documentos\\ISMA\\Semestre 2021-2\\Diseño dirigido por pruebas\\Proyectos\\BancoSolution\\Banco.Domain.Test\\bin\\Debug\\net5.0\\fine-code-coverage\\build-output\\Banco.Domain.Test.dll","CodeFilePath":null,"LineNumber":0,"Properties":[]},"Attachments":[],"Outcome":1,"ErrorMessage":null,"ErrorStackTrace":null,"DisplayName":"NoPuedeRetirarValorDeMenosUno","Messages":[],"ComputerName":"DESKTOP-FFMH835","Duration":"00:00:00.0001590","StartTime":"2021-09-22T04:31:05.8585931+00:00","EndTime":"2021-09-22T04:31:05.858752+00:00","Properties":[]}],"TestRunStatistics":{"ExecutedTests":9,"Stats":{"Passed":9}},"ActiveTests":[{"Id":"a253d258-da31-33af-21f4-4aa1b5464616","FullyQualifiedName":"Banco.Domain.Test.CuentasAhorro.CuentaAhorroTest.NoPuedeRetirarValorMayorQueElSaldo","DisplayName":"NoPuedeRetirarValorMayorQueElSaldo","ExecutorUri":"executor://NUnit3TestExecutor","Source":"D:\\IsmaPCBlanco\\Documentos\\ISMA\\Semestre 2021-2\\Diseño dirigido por pruebas\\Proyectos\\BancoSolution\\Banco.Domain.Test\\bin\\Debug\\net5.0\\fine-code-coverage\\build-output\\Banco.Domain.Test.dll","CodeFilePath":null,"LineNumber":0,"Properties":[]}]}}
TpTrace Verbose: 0 : 21456, 14, 2021/09/21, 23:31:05.944, 1346965535050, vstest.console.dll, TestRunRequest:SendTestRunStatsChange: Starting.
TpTrace Verbose: 0 : 21456, 14, 2021/09/21, 23:31:05.944, 1346965536113, vstest.console.dll, InProgress is NoPuedeRetirarValorMayorQueElSaldo
TpTrace Information: 0 : 21456, 14, 2021/09/21, 23:31:05.944, 1346965537632, vstest.console.dll, TestRunRequest:SendTestRunStatsChange: Completed.
TpTrace Verbose: 0 : 21456, 14, 2021/09/21, 23:31:05.944, 1346965537972, vstest.console.dll, TcpClientExtensions.MessageLoopAsync: Polling on remoteEndPoint: 127.0.0.1:59875 localEndPoint: 127.0.0.1:59874
TpTrace Verbose: 0 : 21456, 14, 2021/09/21, 23:31:05.944, 1346965538341, vstest.console.dll, TcpClientExtensions.MessageLoopAsync: NotifyDataAvailable remoteEndPoint: 127.0.0.1:59875 localEndPoint: 127.0.0.1:59874
TpTrace Verbose: 0 : 21456, 14, 2021/09/21, 23:31:05.944, 1346965539127, vstest.console.dll, TestRequestSender.OnExecutionMessageReceived: Received message: {"Version":5,"MessageType":"TestExecution.StatsChange","Payload":{"NewTestResults":[{"TestCase":{"Id":"a253d258-da31-33af-21f4-4aa1b5464616","FullyQualifiedName":"Banco.Domain.Test.CuentasAhorro.CuentaAhorroTest.NoPuedeRetirarValorMayorQueElSaldo","DisplayName":"NoPuedeRetirarValorMayorQueElSaldo","ExecutorUri":"executor://NUnit3TestExecutor","Source":"D:\\IsmaPCBlanco\\Documentos\\ISMA\\Semestre 2021-2\\Diseño dirigido por pruebas\\Proyectos\\BancoSolution\\Banco.Domain.Test\\bin\\Debug\\net5.0\\fine-code-coverage\\build-output\\Banco.Domain.Test.dll","CodeFilePath":null,"LineNumber":0,"Properties":[]},"Attachments":[],"Outcome":1,"ErrorMessage":null,"ErrorStackTrace":null,"DisplayName":"NoPuedeRetirarValorMayorQueElSaldo","Messages":[],"ComputerName":"DESKTOP-FFMH835","Duration":"00:00:00.0001290","StartTime":"2021-09-22T04:31:05.85876+00:00","EndTime":"2021-09-22T04:31:05.8588886+00:00","Properties":[]},{"TestCase":{"Id":"6935234e-95fa-66a5-651e-75326678c679","FullyQualifiedName":"Banco.Domain.Test.CuentasAhorro.CuentaAhorroTest.PuedeHacerConsignacionInicialCorrecta","DisplayName":"PuedeHacerConsignacionInicialCorrecta","ExecutorUri":"executor://NUnit3TestExecutor","Source":"D:\\IsmaPCBlanco\\Documentos\\ISMA\\Semestre 2021-2\\Diseño dirigido por pruebas\\Proyectos\\BancoSolution\\Banco.Domain.Test\\bin\\Debug\\net5.0\\fine-code-coverage\\build-output\\Banco.Domain.Test.dll","CodeFilePath":null,"LineNumber":0,"Properties":[]},"Attachments":[],"Outcome":1,"ErrorMessage":null,"ErrorStackTrace":null,"DisplayName":"PuedeHacerConsignacionInicialCorrecta","Messages":[],"ComputerName":"DESKTOP-FFMH835","Duration":"00:00:00.0001410","StartTime":"2021-09-22T04:31:05.8588942+00:00","EndTime":"2021-09-22T04:31:05.8590346+00:00","Properties":[]},{"TestCase":{"Id":"7aa56401-abb8-50f0-2c32-fd531522d436","FullyQualifiedName":"Banco.Domain.Test.CuentasAhorro.CuentaAhorroTest.PuedeHacerConsignacionPosteriorALaInicialCorrecta","DisplayName":"PuedeHacerConsignacionPosteriorALaInicialCorrecta","ExecutorUri":"executor://NUnit3TestExecutor","Source":"D:\\IsmaPCBlanco\\Documentos\\ISMA\\Semestre 2021-2\\Diseño dirigido por pruebas\\Proyectos\\BancoSolution\\Banco.Domain.Test\\bin\\Debug\\net5.0\\fine-code-coverage\\build-output\\Banco.Domain.Test.dll","CodeFilePath":null,"LineNumber":0,"Properties":[]},"Attachments":[],"Outcome":1,"ErrorMessage":null,"ErrorStackTrace":null,"DisplayName":"PuedeHacerConsignacionPosteriorALaInicialCorrecta","Messages":[],"ComputerName":"DESKTOP-FFMH835","Duration":"00:00:00.0001680","StartTime":"2021-09-22T04:31:05.8590402+00:00","EndTime":"2021-09-22T04:31:05.8592078+00:00","Properties":[]},{"TestCase":{"Id":"591f90c0-f25b-44b0-bbf7-1860d7f19e50","FullyQualifiedName":"Banco.Domain.Test.CuentasAhorro.CuentaAhorroTest.PuedeHacerConsignacionPosteriorALaInicialDesdeOtraSucursalCorrecta","DisplayName":"PuedeHacerConsignacionPosteriorALaInicialDesdeOtraSucursalCorrecta","ExecutorUri":"executor://NUnit3TestExecutor","Source":"D:\\IsmaPCBlanco\\Documentos\\ISMA\\Semestre 2021-2\\Diseño dirigido por pruebas\\Proyectos\\BancoSolution\\Banco.Domain.Test\\bin\\Debug\\net5.0\\fine-code-coverage\\build-output\\Banco.Domain.Test.dll","CodeFilePath":null,"LineNumber":0,"Properties":[]},"Attachments":[],"Outcome":1,"ErrorMessage":null,"ErrorStackTrace":null,"DisplayName":"PuedeHacerConsignacionPosteriorALaInicialDesdeOtraSucursalCorrecta","Messages":[],"ComputerName":"DESKTOP-FFMH835","Duration":"00:00:00.0001680","StartTime":"2021-09-22T04:31:05.859214+00:00","EndTime":"2021-09-22T04:31:05.8593819+00:00","Properties":[]},{"TestCase":{"Id":"022bbe5d-5f1f-bff3-92c4-bae0eaba760d","FullyQualifiedName":"Banco.Domain.Test.CuentasAhorro.CuentaAhorroTest.PuedeHacerCuartoRetiroCorrecto","DisplayName":"PuedeHacerCuartoRetiroCorrecto","ExecutorUri":"executor://NUnit3TestExecutor","Source":"D:\\IsmaPCBlanco\\Documentos\\ISMA\\Semestre 2021-2\\Diseño dirigido por pruebas\\Proyectos\\BancoSolution\\Banco.Domain.Test\\bin\\Debug\\net5.0\\fine-code-coverage\\build-output\\Banco.Domain.Test.dll","CodeFilePath":null,"LineNumber":0,"Properties":[]},"Attachments":[],"Outcome":1,"ErrorMessage":null,"ErrorStackTrace":null,"DisplayName":"PuedeHacerCuartoRetiroCorrecto","Messages":[],"ComputerName":"DESKTOP-FFMH835","Duration":"00:00:00.0002320","StartTime":"2021-09-22T04:31:05.8593877+00:00","EndTime":"2021-09-22T04:31:05.8596196+00:00","Properties":[]},{"TestCase":{"Id":"da822ce1-9c07-cada-7e1b-39900d23b585","FullyQualifiedName":"Banco.Domain.Test.CuentasAhorro.CuentaAhorroTest.PuedeHacerRetiroInicialCorrecto","DisplayName":"PuedeHacerRetiroInicialCorrecto","ExecutorUri":"executor://NUnit3TestExecutor","Source":"D:\\IsmaPCBlanco\\Documentos\\ISMA\\Semestre 2021-2\\Diseño dirigido por pruebas\\Proyectos\\BancoSolution\\Banco.Domain.Test\\bin\\Debug\\net5.0\\fine-code-coverage\\build-output\\Banco.Domain.Test.dll","CodeFilePath":null,"LineNumber":0,"Properties":[]},"Attachments":[],"Outcome":1,"ErrorMessage":null,"ErrorStackTrace":null,"DisplayName":"PuedeHacerRetiroInicialCorrecto","Messages":[],"ComputerName":"DESKTOP-FFMH835","Duration":"00:00:00.0001160","StartTime":"2021-09-22T04:31:05.8596256+00:00","EndTime":"2021-09-22T04:31:05.8597413+00:00","Properties":[]},{"TestCase":{"Id":"06a0ee34-1a5e-1127-7a8c-21567440f3bd","FullyQualifiedName":"Banco.Domain.Test.CuentasCorriente.CuentaCorrienteTest.NoPuedoConsignarNoventaMilPesosIniciales","DisplayName":"NoPuedoConsignarNoventaMilPesosIniciales","ExecutorUri":"executor://NUnit3TestExecutor","Source":"D:\\IsmaPCBlanco\\Documentos\\ISMA\\Semestre 2021-2\\Diseño dirigido por pruebas\\Proyectos\\BancoSolution\\Banco.Domain.Test\\bin\\Debug\\net5.0\\fine-code-coverage\\build-output\\Banco.Domain.Test.dll","CodeFilePath":null,"LineNumber":0,"Properties":[]},"Attachments":[],"Outcome":1,"ErrorMessage":null,"ErrorStackTrace":null,"DisplayName":"NoPuedoConsignarNoventaMilPesosIniciales","Messages":[],"ComputerName":"DESKTOP-FFMH835","Duration":"00:00:00.0003720","StartTime":"2021-09-22T04:31:05.8598532+00:00","EndTime":"2021-09-22T04:31:05.8602249+00:00","Properties":[]},{"TestCase":{"Id":"233725e7-d83e-f65e-f01d-de8a4dec91c0","FullyQualifiedName":"Banco.Domain.Test.CuentasCorriente.CuentaCorrienteTest.PuedoRetirarCienMilPesosIniciales","DisplayName":"PuedoRetirarCienMilPesosIniciales","ExecutorUri":"executor://NUnit3TestExecutor","Source":"D:\\IsmaPCBlanco\\Documentos\\ISMA\\Semestre 2021-2\\Diseño dirigido por pruebas\\Proyectos\\BancoSolution\\Banco.Domain.Test\\bin\\Debug\\net5.0\\fine-code-coverage\\build-output\\Banco.Domain.Test.dll","CodeFilePath":null,"LineNumber":0,"Properties":[]},"Attachments":[],"Outcome":1,"ErrorMessage":null,"ErrorStackTrace":null,"DisplayName":"PuedoRetirarCienMilPesosIniciales","Messages":[],"ComputerName":"DESKTOP-FFMH835","Duration":"00:00:00.0006579","StartTime":"2021-09-22T04:31:05.8602328+00:00","EndTime":"2021-09-22T04:31:05.8608897+00:00","Properties":[]},{"TestCase":{"Id":"4ee11f76-dbff-9875-4b7b-f6b594a421a5","FullyQualifiedName":"Banco.Domain.Test.TarjetasCredito.TarjetaCreditoTest.NoPuedeHacerAbonoCorrecto","DisplayName":"NoPuedeHacerAbonoCorrecto","ExecutorUri":"executor://NUnit3TestExecutor","Source":"D:\\IsmaPCBlanco\\Documentos\\ISMA\\Semestre 2021-2\\Diseño dirigido por pruebas\\Proyectos\\BancoSolution\\Banco.Domain.Test\\bin\\Debug\\net5.0\\fine-code-coverage\\build-output\\Banco.Domain.Test.dll","CodeFilePath":null,"LineNumber":0,"Properties":[]},"Attachments":[],"Outcome":1,"ErrorMessage":null,"ErrorStackTrace":null,"DisplayName":"NoPuedeHacerAbonoCorrecto","Messages":[],"ComputerName":"DESKTOP-FFMH835","Duration":"00:00:00.0008420","StartTime":"2021-09-22T04:31:05.8609757+00:00","EndTime":"2021-09-22T04:31:05.8618173+00:00","Properties":[]}],"TestRunStatistics":{"ExecutedTests":18,"Stats":{"Passed":18}},"ActiveTests":[{"Id":"a364f5a2-3081-43c4-aab5-80f5b18b3fe4","FullyQualifiedName":"Banco.Domain.Test.TarjetasCredito.TarjetaCreditoTest.NoPuedeHacerConsignacionMenosUno","DisplayName":"NoPuedeHacerConsignacionMenosUno","ExecutorUri":"executor://NUnit3TestExecutor","Source":"D:\\IsmaPCBlanco\\Documentos\\ISMA\\Semestre 2021-2\\Diseño dirigido por pruebas\\Proyectos\\BancoSolution\\Banco.Domain.Test\\bin\\Debug\\net5.0\\fine-code-coverage\\build-output\\Banco.Domain.Test.dll","CodeFilePath":null,"LineNumber":0,"Properties":[]}]}}
TpTrace Verbose: 0 : 21456, 14, 2021/09/21, 23:31:05.946, 1346965555896, vstest.console.dll, TestRunRequest:SendTestRunStatsChange: Starting.
TpTrace Verbose: 0 : 21456, 14, 2021/09/21, 23:31:05.946, 1346965556776, vstest.console.dll, InProgress is NoPuedeHacerConsignacionMenosUno
TpTrace Information: 0 : 21456, 14, 2021/09/21, 23:31:05.946, 1346965557166, vstest.console.dll, TestRunRequest:SendTestRunStatsChange: Completed.
TpTrace Verbose: 0 : 21456, 14, 2021/09/21, 23:31:05.946, 1346965557374, vstest.console.dll, TcpClientExtensions.MessageLoopAsync: Polling on remoteEndPoint: 127.0.0.1:59875 localEndPoint: 127.0.0.1:59874
TpTrace Verbose: 0 : 21456, 14, 2021/09/21, 23:31:05.954, 1346965640476, vstest.console.dll, TcpClientExtensions.MessageLoopAsync: NotifyDataAvailable remoteEndPoint: 127.0.0.1:59875 localEndPoint: 127.0.0.1:59874
TpTrace Verbose: 0 : 21456, 14, 2021/09/21, 23:31:05.954, 1346965641813, vstest.console.dll, TestRequestSender.OnExecutionMessageReceived: Received message: {"Version":5,"MessageType":"TestSession.Message","Payload":{"MessageLevel":0,"Message":"NUnit Adapter 3.17.0.0: Test execution complete"}}
TpTrace Verbose: 0 : 21456, 14, 2021/09/21, 23:31:05.955, 1346965643312, vstest.console.dll, TestRunRequest:SendTestRunMessage: Starting.
TpTrace Information: 0 : 21456, 14, 2021/09/21, 23:31:05.955, 1346965643796, vstest.console.dll, TestRunRequest:SendTestRunMessage: Completed.
TpTrace Verbose: 0 : 21456, 14, 2021/09/21, 23:31:05.955, 1346965644008, vstest.console.dll, TcpClientExtensions.MessageLoopAsync: Polling on remoteEndPoint: 127.0.0.1:59875 localEndPoint: 127.0.0.1:59874
TpTrace Verbose: 0 : 21456, 14, 2021/09/21, 23:31:05.966, 1346965753101, vstest.console.dll, TcpClientExtensions.MessageLoopAsync: NotifyDataAvailable remoteEndPoint: 127.0.0.1:59875 localEndPoint: 127.0.0.1:59874
TpTrace Verbose: 0 : 21456, 14, 2021/09/21, 23:31:05.966, 1346965754554, vstest.console.dll, TestRequestSender.OnExecutionMessageReceived: Received message: {"Version":5,"MessageType":"TestExecution.Completed","Payload":{"TestRunCompleteArgs":{"TestRunStatistics":{"ExecutedTests":23,"Stats":{"Passed":23}},"IsCanceled":false,"IsAborted":false,"Error":null,"AttachmentSets":[],"ElapsedTimeInRunningTests":"00:00:00.3136164","Metrics":{}},"LastRunTests":{"NewTestResults":[{"TestCase":{"Id":"a364f5a2-3081-43c4-aab5-80f5b18b3fe4","FullyQualifiedName":"Banco.Domain.Test.TarjetasCredito.TarjetaCreditoTest.NoPuedeHacerConsignacionMenosUno","DisplayName":"NoPuedeHacerConsignacionMenosUno","ExecutorUri":"executor://NUnit3TestExecutor","Source":"D:\\IsmaPCBlanco\\Documentos\\ISMA\\Semestre 2021-2\\Diseño dirigido por pruebas\\Proyectos\\BancoSolution\\Banco.Domain.Test\\bin\\Debug\\net5.0\\fine-code-coverage\\build-output\\Banco.Domain.Test.dll","CodeFilePath":null,"LineNumber":0,"Properties":[]},"Attachments":[],"Outcome":1,"ErrorMessage":null,"ErrorStackTrace":null,"DisplayName":"NoPuedeHacerConsignacionMenosUno","Messages":[],"ComputerName":"DESKTOP-FFMH835","Duration":"00:00:00.0001720","StartTime":"2021-09-22T04:31:05.8618281+00:00","EndTime":"2021-09-22T04:31:05.8620003+00:00","Properties":[]},{"TestCase":{"Id":"c01c8d24-b3a4-6c0f-1d0d-9266f7d9b76d","FullyQualifiedName":"Banco.Domain.Test.TarjetasCredito.TarjetaCreditoTest.NoPuedeHacerRetiroCorrecto","DisplayName":"NoPuedeHacerRetiroCorrecto","ExecutorUri":"executor://NUnit3TestExecutor","Source":"D:\\IsmaPCBlanco\\Documentos\\ISMA\\Semestre 2021-2\\Diseño dirigido por pruebas\\Proyectos\\BancoSolution\\Banco.Domain.Test\\bin\\Debug\\net5.0\\fine-code-coverage\\build-output\\Banco.Domain.Test.dll","CodeFilePath":null,"LineNumber":0,"Properties":[]},"Attachments":[],"Outcome":1,"ErrorMessage":null,"ErrorStackTrace":null,"DisplayName":"NoPuedeHacerRetiroCorrecto","Messages":[],"ComputerName":"DESKTOP-FFMH835","Duration":"00:00:00.0003630","StartTime":"2021-09-22T04:31:05.8620071+00:00","EndTime":"2021-09-22T04:31:05.8623698+00:00","Properties":[]},{"TestCase":{"Id":"f3e78665-68ac-07f0-a5e3-13f9c8738b78","FullyQualifiedName":"Banco.Domain.Test.TarjetasCredito.TarjetaCreditoTest.NoPuedeHacerRetiroMenosUno","DisplayName":"NoPuedeHacerRetiroMenosUno","ExecutorUri":"executor://NUnit3TestExecutor","Source":"D:\\IsmaPCBlanco\\Documentos\\ISMA\\Semestre 2021-2\\Diseño dirigido por pruebas\\Proyectos\\BancoSolution\\Banco.Domain.Test\\bin\\Debug\\net5.0\\fine-code-coverage\\build-output\\Banco.Domain.Test.dll","CodeFilePath":null,"LineNumber":0,"Properties":[]},"Attachments":[],"Outcome":1,"ErrorMessage":null,"ErrorStackTrace":null,"DisplayName":"NoPuedeHacerRetiroMenosUno","Messages":[],"ComputerName":"DESKTOP-FFMH835","Duration":"00:00:00.0001620","StartTime":"2021-09-22T04:31:05.8623775+00:00","EndTime":"2021-09-22T04:31:05.8625394+00:00","Properties":[]},{"TestCase":{"Id":"57f2502f-8c2a-8f6b-2994-190e3e623fb7","FullyQualifiedName":"Banco.Domain.Test.TarjetasCredito.TarjetaCreditoTest.PuedeHacerAbonoCorrecto","DisplayName":"PuedeHacerAbonoCorrecto","ExecutorUri":"executor://NUnit3TestExecutor","Source":"D:\\IsmaPCBlanco\\Documentos\\ISMA\\Semestre 2021-2\\Diseño dirigido por pruebas\\Proyectos\\BancoSolution\\Banco.Domain.Test\\bin\\Debug\\net5.0\\fine-code-coverage\\build-output\\Banco.Domain.Test.dll","CodeFilePath":null,"LineNumber":0,"Properties":[]},"Attachments":[],"Outcome":1,"ErrorMessage":null,"ErrorStackTrace":null,"DisplayName":"PuedeHacerAbonoCorrecto","Messages":[],"ComputerName":"DESKTOP-FFMH835","Duration":"00:00:00.0002709","StartTime":"2021-09-22T04:31:05.8625454+00:00","EndTime":"2021-09-22T04:31:05.8628163+00:00","Properties":[]},{"TestCase":{"Id":"8a9490de-6a23-9ab9-bb2a-4750a1fd9e53","FullyQualifiedName":"Banco.Domain.Test.TarjetasCredito.TarjetaCreditoTest.PuedeHacerRetiroCorrecto","DisplayName":"PuedeHacerRetiroCorrecto","ExecutorUri":"executor://NUnit3TestExecutor","Source":"D:\\IsmaPCBlanco\\Documentos\\ISMA\\Semestre 2021-2\\Diseño dirigido por pruebas\\Proyectos\\BancoSolution\\Banco.Domain.Test\\bin\\Debug\\net5.0\\fine-code-coverage\\build-output\\Banco.Domain.Test.dll","CodeFilePath":null,"LineNumber":0,"Properties":[]},"Attachments":[],"Outcome":1,"ErrorMessage":null,"ErrorStackTrace":null,"DisplayName":"PuedeHacerRetiroCorrecto","Messages":[],"ComputerName":"DESKTOP-FFMH835","Duration":"00:00:00.0001230","StartTime":"2021-09-22T04:31:05.8628226+00:00","EndTime":"2021-09-22T04:31:05.8629453+00:00","Properties":[]}],"TestRunStatistics":{"ExecutedTests":23,"Stats":{"Passed":23}},"ActiveTests":[]},"RunAttachments":[],"ExecutorUris":["executor://nunit3testexecutor/"]}}
TpTrace Verbose: 0 : 21456, 14, 2021/09/21, 23:31:05.966, 1346965757079, vstest.console.dll, TestRequestSender.EndSession: Sending end session.
TpTrace Verbose: 0 : 21456, 14, 2021/09/21, 23:31:05.966, 1346965757791, vstest.console.dll, ProxyOperationManager.Close: waiting for test host to exit for 100 ms
TpTrace Warning: 0 : 21456, 12, 2021/09/21, 23:31:05.995, 1346966046057, vstest.console.dll, TestHostManagerCallbacks.ErrorReceivedCallback Test host standard error line: 
TpTrace Verbose: 0 : 21456, 7, 2021/09/21, 23:31:06.001, 1346966106323, vstest.console.dll, TestHostProvider.ExitCallBack: Host exited starting callback.
TpTrace Information: 0 : 21456, 7, 2021/09/21, 23:31:06.001, 1346966111633, vstest.console.dll, TestHostManagerCallbacks.ExitCallBack: Testhost processId: 20676 exited with exitcode: 0 error: ''
TpTrace Verbose: 0 : 21456, 7, 2021/09/21, 23:31:06.002, 1346966112179, vstest.console.dll, DotnetTestHostManager.OnHostExited: invoking OnHostExited callback
TpTrace Verbose: 0 : 21456, 7, 2021/09/21, 23:31:06.002, 1346966112674, vstest.console.dll, CrossPlatEngine.TestHostManagerHostExited: calling on client process exit callback.
TpTrace Information: 0 : 21456, 7, 2021/09/21, 23:31:06.002, 1346966113073, vstest.console.dll, TestRequestSender.OnClientProcessExit: Test host process exited. Standard error: 
TpTrace Information: 0 : 21456, 7, 2021/09/21, 23:31:06.002, 1346966113560, vstest.console.dll, SocketServer.Stop: Stop server endPoint: 127.0.0.1:59874
TpTrace Information: 0 : 21456, 7, 2021/09/21, 23:31:06.002, 1346966113749, vstest.console.dll, SocketServer.Stop: Cancellation requested. Stopping message loop.
TpTrace Warning: 0 : 21456, 14, 2021/09/21, 23:31:06.002, 1346966113702, vstest.console.dll, ProxyOperationManager: Timed out waiting for test host to exit. Will terminate process.
TpTrace Verbose: 0 : 21456, 14, 2021/09/21, 23:31:06.002, 1346966118492, vstest.console.dll, ProxyDataCollectionManager.InvokeDataCollectionServiceAction: Starting.
TpTrace Information: 0 : 21456, 14, 2021/09/21, 23:31:06.002, 1346966118906, vstest.console.dll, ProxyDataCollectionManager.AfterTestRunEnd: Get attachment set for datacollector processId: 11544 port: 59868
TpTrace Verbose: 0 : 21456, 14, 2021/09/21, 23:31:06.002, 1346966119300, vstest.console.dll, DataCollectionRequestSender.SendAfterTestRunStartAndGetResult : Send AfterTestRunEnd message with isCancelled: False
TpTrace Verbose: 0 : 21456, 14, 2021/09/21, 23:31:06.006, 1346966154092, vstest.console.dll, DataCollectionRequestSender.SendAfterTestRunStartAndGetResult : Received message: (DataCollection.AfterTestRunEndResult) -> {
  "AttachmentSets": [],
  "Metrics": {}
}
TpTrace Information: 0 : 21456, 14, 2021/09/21, 23:31:06.008, 1346966173480, vstest.console.dll, ProxyDataCollectionManager.InvokeDataCollectionServiceAction: Completed.
TpTrace Verbose: 0 : 21456, 14, 2021/09/21, 23:31:06.022, 1346966318724, vstest.console.dll, TestRunRequest:SendTestRunStatsChange: Starting.
TpTrace Information: 0 : 21456, 14, 2021/09/21, 23:31:06.022, 1346966319794, vstest.console.dll, TestRunRequest:SendTestRunStatsChange: Completed.
TpTrace Verbose: 0 : 21456, 14, 2021/09/21, 23:31:06.022, 1346966321218, vstest.console.dll, ParallelProxyExecutionManager: HandlePartialRunComplete: Total completed clients = 1, Run complete = True, Run canceled: False.
TpTrace Warning: 0 : 21456, 9, 2021/09/21, 23:31:06.034, 1346966437848, vstest.console.dll, DataCollectionLauncher.ErrorReceivedCallback datacollector standard error line: 
TpTrace Information: 0 : 21456, 7, 2021/09/21, 23:31:06.038, 1346966473506, vstest.console.dll, DataCollectionLauncher.ExitCallBack: Data collector exited with exitcode: 0 error: ''
TpTrace Verbose: 0 : 21456, 14, 2021/09/21, 23:31:06.040, 1346966496072, vstest.console.dll, TestRunRequest:TestRunComplete: Starting. IsAborted:False IsCanceled:False.
TpTrace Verbose: 0 : 21456, 14, 2021/09/21, 23:31:06.040, 1346966497876, vstest.console.dll, TestLoggerManager.HandleTestRunComplete: Ignoring as the object is disposed.
TpTrace Information: 0 : 21456, 14, 2021/09/21, 23:31:06.040, 1346966500166, vstest.console.dll, TestRunRequest:TestRunComplete: Completed.
TpTrace Verbose: 0 : 21456, 14, 2021/09/21, 23:31:06.040, 1346966500584, vstest.console.dll, TestRequestSender.SetOperationComplete: Setting operation complete.
TpTrace Information: 0 : 21456, 14, 2021/09/21, 23:31:06.040, 1346966500831, vstest.console.dll, SocketServer.Stop: Stop server endPoint: 127.0.0.1:59874
TpTrace Information: 0 : 21456, 14, 2021/09/21, 23:31:06.040, 1346966501015, vstest.console.dll, SocketServer.Stop: Cancellation requested. Stopping message loop.
TpTrace Information: 0 : 21456, 14, 2021/09/21, 23:31:06.040, 1346966501402, vstest.console.dll, SocketServer.PrivateStop: Stop server endPoint: 127.0.0.1:59874 error: 
TpTrace Verbose: 0 : 21456, 1, 2021/09/21, 23:31:06.040, 1346966501269, vstest.console.dll, TestRunRequest.Dispose: Starting.
TpTrace Information: 0 : 21456, 1, 2021/09/21, 23:31:06.041, 1346966502512, vstest.console.dll, TestRunRequest.Dispose: Completed.
TpTrace Information: 0 : 21456, 1, 2021/09/21, 23:31:06.041, 1346966502810, vstest.console.dll, TestRequestManager.RunTests: run tests completed.
TpTrace Information: 0 : 21456, 1, 2021/09/21, 23:31:06.041, 1346966503286, vstest.console.dll, RunTestsArgumentProcessor:Execute: Test run is completed.
TpTrace Verbose: 0 : 21456, 1, 2021/09/21, 23:31:06.041, 1346966504648, vstest.console.dll, Executor.Execute: Exiting with exit code of 0
TpTrace Verbose: 0 : 21456, 14, 2021/09/21, 23:31:06.041, 1346966505194, vstest.console.dll, LengthPrefixCommunicationChannel.Dispose: Dispose reader and writer.
TpTrace Information: 0 : 21456, 14, 2021/09/21, 23:31:06.041, 1346966505788, vstest.console.dll, SocketServer.Stop: Raise disconnected event endPoint: 127.0.0.1:59874 error: 
TpTrace Verbose: 0 : 21456, 14, 2021/09/21, 23:31:06.041, 1346966506201, vstest.console.dll, TestRequestSender: OnTestRunAbort: Operation is already complete. Skip error message.
TpTrace Verbose: 0 : 21456, 14, 2021/09/21, 23:31:06.041, 1346966506444, vstest.console.dll, TcpClientExtensions.MessageLoopAsync: exiting MessageLoopAsync remoteEndPoint: 127.0.0.1:59875 localEndPoint: 127.0.0.1:59874
